[35m[Appium][39m Welcome to Appium v1.22.3
[35m[Appium][39m Non-default server args:
[35m[Appium][39m   port: 53735
[35m[Appium][39m   loglevel: info
[35m[Appium][39m   tmpDir: C:\Users\afrih\AppData\Local\Temp\\Katalon\Appium\Temp1684840996862
[35m[Appium][39m   chromedriverPort: 53736
[35m[Appium][39m Deprecated server args:
[35m[Appium][39m   [31m--chromedriver-port[39m => --default-capabilities
[35m[Appium][39m Default capabilities, which will be added to each request unless overridden by desired capabilities:
[35m[Appium][39m   chromedriverPort: 53736
[35m[Appium][39m Appium REST http interface listener started on 0.0.0.0:53735
[35m[HTTP][39m [37m-->[39m [37mGET[39m [37m/wd/hub/status[39m
[35m[HTTP][39m [90m{}[39m
[35m[HTTP][39m [37m<-- GET /wd/hub/status [39m[32m200[39m [90m7 ms - 68[39m
[35m[HTTP][39m [90m[39m
[35m[HTTP][39m [37m-->[39m [37mGET[39m [37m/wd/hub/status[39m
[35m[HTTP][39m [90m{}[39m
[35m[HTTP][39m [37m<-- GET /wd/hub/status [39m[32m200[39m [90m1 ms - 68[39m
[35m[HTTP][39m [90m[39m
[35m[HTTP][39m [37m-->[39m [37mPOST[39m [37m/wd/hub/session[39m
[35m[HTTP][39m [90m{"desiredCapabilities":{"appActivity":".Settings","appPackage":"com.android.settings","newCommandTimeout":1800,"platformVersion":"11","automationName":"uiautomator2","autoGrantPermissions":true,"platformName":"Android","udid":"067872515T100312","deviceName":"TECNO MOBILE LIMITED TECNO CG7 (Android 11)","platform":"ANDROID","systemPort":8254},"capabilities":{"firstMatch":[{"appium:appActivity":".Settings","appium:appPackage":"com.android.settings","appium:autoGrantPermissions":true,"appium:automationName":"uiautomator2","appium:deviceName":"TECNO MOBILE LIMITED TECNO CG7 (Android 11)","appium:newCommandTimeout":1800,"platform":"ANDROID","platformName":"android","appium:platformVersion":"11","appium:systemPort":8254,"appium:udid":"067872515T100312"}]}}[39m
[35m[BaseDriver][39m The following capabilities are not standard capabilities and should have an extension prefix:
[35m[BaseDriver][39m   platform
[35m[BaseDriver][39m   chromedriverPort
[35m[Appium][39m Appium v1.22.3 creating new AndroidUiautomator2Driver (v1.70.1) session
[35m[BaseDriver][39m The following capabilities were provided, but are not recognized by Appium:
[35m[BaseDriver][39m   platform
[35m[BaseDriver][39m Session created with session id: ea52114f-8510-475a-ad19-0b4495cdb616
[35m[UiAutomator2][39m Starting 'com.android.settings' directly on the device
[35m[ADB][39m Found 1 'build-tools' folders under 'C:\Users\afrih\.katalon\tools\android_sdk' (newest first):
[35m[ADB][39m     C:/Users/afrih/.katalon/tools/android_sdk/build-tools/29.0.3
[35m[ADB][39m Using 'adb.exe' from 'C:\Users\afrih\.katalon\tools\android_sdk\platform-tools\adb.exe'
[35m[AndroidDriver][39m Retrieving device list
[35m[AndroidDriver][39m Using device: 067872515T100312
[35m[ADB][39m Using 'adb.exe' from 'C:\Users\afrih\.katalon\tools\android_sdk\platform-tools\adb.exe'
[35m[ADB][39m Getting device platform version
[35m[UiAutomator2][39m Relaxing hidden api policy
[35m[AndroidDriver][39m No app sent in, not parsing package/activity
[35m[ADB][39m Using 'apksigner.jar' from 'C:\Users\afrih\.katalon\tools\android_sdk\build-tools\29.0.3\lib\apksigner.jar'
[35m[ADB][39m 'C:\Users\afrih\AppData\Roaming\npm\node_modules\appium\node_modules\appium-uiautomator2-server\apks\appium-uiautomator2-server-v4.27.0.apk' is signed with the default certificate
[35m[ADB][39m 'C:\Users\afrih\AppData\Roaming\npm\node_modules\appium\node_modules\appium-uiautomator2-server\apks\appium-uiautomator2-server-debug-androidTest.apk' is signed with the default certificate
[35m[UiAutomator2][39m Server packages are not going to be (re)installed
[35m[ADB][39m Adding packages ["io.appium.settings","io.appium.uiautomator2.server","io.appium.uiautomator2.server.test"] to Doze whitelist
[35m[UiAutomator2][39m Starting UIAutomator2 server 4.27.0
[35m[UiAutomator2][39m Using UIAutomator2 server from 'C:\Users\afrih\AppData\Roaming\npm\node_modules\appium\node_modules\appium-uiautomator2-server\apks\appium-uiautomator2-server-v4.27.0.apk' and test from 'C:\Users\afrih\AppData\Roaming\npm\node_modules\appium\node_modules\appium-uiautomator2-server\apks\appium-uiautomator2-server-debug-androidTest.apk'
[35m[UiAutomator2][39m Waiting up to 30000ms for UiAutomator2 to be online...
[35m[WD Proxy][39m socket hang up
[35m[WD Proxy][39m socket hang up
[35m[WD Proxy][39m socket hang up
[35m[WD Proxy][39m Determined the downstream protocol as 'W3C'
[35m[AndroidDriver][39m Screen already unlocked, doing nothing
[35m[UiAutomator2][39m Starting 'com.android.settings/.Settings and waiting for 'com.android.settings/.Settings'
[35m[Appium][39m New AndroidUiautomator2Driver session created successfully, session ea52114f-8510-475a-ad19-0b4495cdb616 added to master session list
[35m[HTTP][39m [37m<-- POST /wd/hub/session [39m[32m200[39m [90m13549 ms - 1204[39m
[35m[HTTP][39m [90m[39m
[35m[HTTP][39m [37m-->[39m [37mGET[39m [37m/wd/hub/session/ea52114f-8510-475a-ad19-0b4495cdb616[39m
[35m[HTTP][39m [90m{}[39m
[35m[HTTP][39m [37m<-- GET /wd/hub/session/ea52114f-8510-475a-ad19-0b4495cdb616 [39m[32m200[39m [90m14 ms - 1158[39m
[35m[HTTP][39m [90m[39m
[35m[HTTP][39m [37m-->[39m [37mGET[39m [37m/wd/hub/session/ea52114f-8510-475a-ad19-0b4495cdb616[39m
[35m[HTTP][39m [90m{}[39m
[35m[HTTP][39m [37m<-- GET /wd/hub/session/ea52114f-8510-475a-ad19-0b4495cdb616 [39m[32m200[39m [90m9 ms - 1158[39m
[35m[HTTP][39m [90m[39m
[35m[HTTP][39m [37m-->[39m [37mGET[39m [37m/wd/hub/status[39m
[35m[HTTP][39m [90m{}[39m
[35m[HTTP][39m [37m<-- GET /wd/hub/status [39m[32m200[39m [90m1 ms - 68[39m
[35m[HTTP][39m [90m[39m
[35m[HTTP][39m [37m-->[39m [37mPOST[39m [37m/wd/hub/session/ea52114f-8510-475a-ad19-0b4495cdb616/timeouts[39m
[35m[HTTP][39m [90m{"implicit":60000}[39m
[35m[HTTP][39m [37m<-- POST /wd/hub/session/ea52114f-8510-475a-ad19-0b4495cdb616/timeouts [39m[32m200[39m [90m2 ms - 14[39m
[35m[HTTP][39m [90m[39m
[35m[HTTP][39m [37m-->[39m [37mGET[39m [37m/wd/hub/session/ea52114f-8510-475a-ad19-0b4495cdb616/screenshot[39m
[35m[HTTP][39m [90m{}[39m
[35m[HTTP][39m [37m<-- GET /wd/hub/session/ea52114f-8510-475a-ad19-0b4495cdb616/screenshot [39m[32m200[39m [90m483 ms - 71268[39m
[35m[HTTP][39m [90m[39m
[35m[HTTP][39m [37m-->[39m [37mGET[39m [37m/wd/hub/session/ea52114f-8510-475a-ad19-0b4495cdb616/window/rect[39m
[35m[HTTP][39m [90m{}[39m
[35m[HTTP][39m [37m<-- GET /wd/hub/session/ea52114f-8510-475a-ad19-0b4495cdb616/window/rect [39m[32m200[39m [90m14 ms - 50[39m
[35m[HTTP][39m [90m[39m
[35m[HTTP][39m [37m-->[39m [37mGET[39m [37m/wd/hub/session/ea52114f-8510-475a-ad19-0b4495cdb616/appium/device/system_bars[39m
[35m[HTTP][39m [90m{}[39m
[35m[HTTP][39m [37m<-- GET /wd/hub/session/ea52114f-8510-475a-ad19-0b4495cdb616/appium/device/system_bars [39m[32m200[39m [90m93 ms - 149[39m
[35m[HTTP][39m [90m[39m
[35m[HTTP][39m [37m-->[39m [37mPOST[39m [37m/wd/hub/session/ea52114f-8510-475a-ad19-0b4495cdb616/appium/device/activate_app[39m
[35m[HTTP][39m [90m{"bundleId":"com.ncba.loop.test"}[39m
[35m[HTTP][39m [37m<-- POST /wd/hub/session/ea52114f-8510-475a-ad19-0b4495cdb616/appium/device/activate_app [39m[32m200[39m [90m525 ms - 14[39m
[35m[HTTP][39m [90m[39m
[35m[HTTP][39m [37m-->[39m [37mGET[39m [37m/wd/hub/session/ea52114f-8510-475a-ad19-0b4495cdb616/source[39m
[35m[HTTP][39m [90m{}[39m
[35m[W3C (ea52114f)][39m Driver proxy active, passing request on via HTTP proxy
[35m[WD Proxy][39m Replacing sessionId 03132d05-d618-4a7e-9b87-1235999e5627 with ea52114f-8510-475a-ad19-0b4495cdb616
[35m[HTTP][39m [37m<-- GET /wd/hub/session/ea52114f-8510-475a-ad19-0b4495cdb616/source [39m[32m200[39m [90m649 ms - 2337[39m
[35m[HTTP][39m [90m[39m
[35m[HTTP][39m [37m-->[39m [37mGET[39m [37m/wd/hub/session/ea52114f-8510-475a-ad19-0b4495cdb616/screenshot[39m
[35m[HTTP][39m [90m{}[39m
[35m[HTTP][39m [37m<-- GET /wd/hub/session/ea52114f-8510-475a-ad19-0b4495cdb616/screenshot [39m[32m200[39m [90m1606 ms - 1660546[39m
[35m[HTTP][39m [90m[39m
[35m[HTTP][39m [37m-->[39m [37mGET[39m [37m/wd/hub/session/ea52114f-8510-475a-ad19-0b4495cdb616/context[39m
[35m[HTTP][39m [90m{}[39m
[35m[HTTP][39m [37m<-- GET /wd/hub/session/ea52114f-8510-475a-ad19-0b4495cdb616/context [39m[32m200[39m [90m2 ms - 22[39m
[35m[HTTP][39m [90m[39m
[35m[HTTP][39m [37m-->[39m [37mGET[39m [37m/wd/hub/session/ea52114f-8510-475a-ad19-0b4495cdb616/contexts[39m
[35m[HTTP][39m [90m{}[39m
[35m[HTTP][39m [37m<-- GET /wd/hub/session/ea52114f-8510-475a-ad19-0b4495cdb616/contexts [39m[32m200[39m [90m99 ms - 24[39m
[35m[HTTP][39m [90m[39m
[35m[HTTP][39m [37m-->[39m [37mPOST[39m [37m/wd/hub/session/ea52114f-8510-475a-ad19-0b4495cdb616/context[39m
[35m[HTTP][39m [90m{"name":"NATIVE_APP"}[39m
[35m[HTTP][39m [37m<-- POST /wd/hub/session/ea52114f-8510-475a-ad19-0b4495cdb616/context [39m[32m200[39m [90m1 ms - 14[39m
[35m[HTTP][39m [90m[39m
[35m[HTTP][39m [37m-->[39m [37mPOST[39m [37m/wd/hub/session/ea52114f-8510-475a-ad19-0b4495cdb616/orientation[39m
[35m[HTTP][39m [90m{"orientation":"PORTRAIT"}[39m
[35m[W3C (ea52114f)][39m Driver proxy active, passing request on via HTTP proxy
[35m[WD Proxy][39m Replacing sessionId 03132d05-d618-4a7e-9b87-1235999e5627 with ea52114f-8510-475a-ad19-0b4495cdb616
[35m[HTTP][39m [37m<-- POST /wd/hub/session/ea52114f-8510-475a-ad19-0b4495cdb616/orientation [39m[32m200[39m [90m45 ms - 71[39m
[35m[HTTP][39m [90m[39m
[35m[HTTP][39m [37m-->[39m [37mPOST[39m [37m/wd/hub/session/ea52114f-8510-475a-ad19-0b4495cdb616/context[39m
[35m[HTTP][39m [90m{"name":"NATIVE_APP"}[39m
[35m[HTTP][39m [37m<-- POST /wd/hub/session/ea52114f-8510-475a-ad19-0b4495cdb616/context [39m[32m200[39m [90m1 ms - 14[39m
[35m[HTTP][39m [90m[39m
[35m[HTTP][39m [37m-->[39m [37mGET[39m [37m/wd/hub/session/ea52114f-8510-475a-ad19-0b4495cdb616/source[39m
[35m[HTTP][39m [90m{}[39m
[35m[W3C (ea52114f)][39m Driver proxy active, passing request on via HTTP proxy
[35m[WD Proxy][39m Replacing sessionId 03132d05-d618-4a7e-9b87-1235999e5627 with ea52114f-8510-475a-ad19-0b4495cdb616
[35m[HTTP][39m [37m<-- GET /wd/hub/session/ea52114f-8510-475a-ad19-0b4495cdb616/source [39m[32m200[39m [90m179 ms - 9540[39m
[35m[HTTP][39m [90m[39m
[35m[HTTP][39m [37m-->[39m [37mGET[39m [37m/wd/hub/session/ea52114f-8510-475a-ad19-0b4495cdb616/screenshot[39m
[35m[HTTP][39m [90m{}[39m
[35m[HTTP][39m [37m<-- GET /wd/hub/session/ea52114f-8510-475a-ad19-0b4495cdb616/screenshot [39m[32m200[39m [90m639 ms - 343750[39m
[35m[HTTP][39m [90m[39m
[35m[HTTP][39m [37m-->[39m [37mPOST[39m [37m/wd/hub/session/ea52114f-8510-475a-ad19-0b4495cdb616/elements[39m
[35m[HTTP][39m [90m{"using":"xpath","value":"//*[@class = 'android.widget.EditText' and (@text = 'Enter your Password' or . = 'Enter your Password') and @resource-id = 'com.ncba.loop.test:id/et_input_box_content']"}[39m
[35m[HTTP][39m [37m<-- POST /wd/hub/session/ea52114f-8510-475a-ad19-0b4495cdb616/elements [39m[32m200[39m [90m558 ms - 139[39m
[35m[HTTP][39m [90m[39m
[35m[HTTP][39m [37m-->[39m [37mPOST[39m [37m/wd/hub/session/ea52114f-8510-475a-ad19-0b4495cdb616/elements[39m
[35m[HTTP][39m [90m{"using":"xpath","value":"//*[@class = 'android.widget.TextView' and (@text = 'Forgot Password' or . = 'Forgot Password') and @resource-id = 'com.ncba.loop.test:id/tv_forgetPassword']"}[39m
[35m[HTTP][39m [37m<-- POST /wd/hub/session/ea52114f-8510-475a-ad19-0b4495cdb616/elements [39m[32m200[39m [90m306 ms - 139[39m
[35m[HTTP][39m [90m[39m
[35m[HTTP][39m [37m-->[39m [37mGET[39m [37m/wd/hub/session/ea52114f-8510-475a-ad19-0b4495cdb616/window/rect[39m
[35m[HTTP][39m [90m{}[39m
[35m[HTTP][39m [37m<-- GET /wd/hub/session/ea52114f-8510-475a-ad19-0b4495cdb616/window/rect [39m[32m200[39m [90m14 ms - 50[39m
[35m[HTTP][39m [90m[39m
[35m[HTTP][39m [37m-->[39m [37mPOST[39m [37m/wd/hub/session/ea52114f-8510-475a-ad19-0b4495cdb616/elements[39m
[35m[HTTP][39m [90m{"using":"xpath","value":"//*[@class = 'android.widget.TextView' and (@text = 'Forgot Password' or . = 'Forgot Password') and @resource-id = 'com.ncba.loop.test:id/tv_forgetPassword']"}[39m
[35m[HTTP][39m [37m<-- POST /wd/hub/session/ea52114f-8510-475a-ad19-0b4495cdb616/elements [39m[32m200[39m [90m158 ms - 139[39m
[35m[HTTP][39m [90m[39m
[35m[HTTP][39m [37m-->[39m [37mGET[39m [37m/wd/hub/session/ea52114f-8510-475a-ad19-0b4495cdb616/element/00000000-0000-0167-ffff-ffff00000173/location[39m
[35m[HTTP][39m [90m{}[39m
[35m[W3C (ea52114f)][39m Driver proxy active, passing request on via HTTP proxy
[35m[WD Proxy][39m Replacing sessionId 03132d05-d618-4a7e-9b87-1235999e5627 with ea52114f-8510-475a-ad19-0b4495cdb616
[35m[HTTP][39m [37m<-- GET /wd/hub/session/ea52114f-8510-475a-ad19-0b4495cdb616/element/00000000-0000-0167-ffff-ffff00000173/location [39m[32m200[39m [90m23 ms - 78[39m
[35m[HTTP][39m [90m[39m
[35m[HTTP][39m [37m-->[39m [37mPOST[39m [37m/wd/hub/session/ea52114f-8510-475a-ad19-0b4495cdb616/element/00000000-0000-0167-ffff-ffff00000173/click[39m
[35m[HTTP][39m [90m{"id":"00000000-0000-0167-ffff-ffff00000173"}[39m
[35m[HTTP][39m [37m<-- POST /wd/hub/session/ea52114f-8510-475a-ad19-0b4495cdb616/element/00000000-0000-0167-ffff-ffff00000173/click [39m[32m200[39m [90m54 ms - 14[39m
[35m[HTTP][39m [90m[39m
[35m[HTTP][39m [37m-->[39m [37mGET[39m [37m/wd/hub/session/ea52114f-8510-475a-ad19-0b4495cdb616/source[39m
[35m[HTTP][39m [90m{}[39m
[35m[W3C (ea52114f)][39m Driver proxy active, passing request on via HTTP proxy
[35m[WD Proxy][39m Replacing sessionId 03132d05-d618-4a7e-9b87-1235999e5627 with ea52114f-8510-475a-ad19-0b4495cdb616
[35m[HTTP][39m [37m<-- GET /wd/hub/session/ea52114f-8510-475a-ad19-0b4495cdb616/source [39m[32m200[39m [90m204 ms - 15514[39m
[35m[HTTP][39m [90m[39m
[35m[HTTP][39m [37m-->[39m [37mGET[39m [37m/wd/hub/session/ea52114f-8510-475a-ad19-0b4495cdb616/screenshot[39m
[35m[HTTP][39m [90m{}[39m
[35m[HTTP][39m [37m<-- GET /wd/hub/session/ea52114f-8510-475a-ad19-0b4495cdb616/screenshot [39m[32m200[39m [90m612 ms - 357072[39m
[35m[HTTP][39m [90m[39m
[35m[HTTP][39m [37m-->[39m [37mPOST[39m [37m/wd/hub/session/ea52114f-8510-475a-ad19-0b4495cdb616/elements[39m
[35m[HTTP][39m [90m{"using":"xpath","value":"//*[@class = 'android.widget.EditText' and (@text = '727856217' or . = '727856217') and @resource-id = 'com.ncba.loop.test:id/et_input_box_content']"}[39m
[35m[HTTP][39m [37m<-- POST /wd/hub/session/ea52114f-8510-475a-ad19-0b4495cdb616/elements [39m[32m200[39m [90m144 ms - 139[39m
[35m[HTTP][39m [90m[39m
[35m[HTTP][39m [37m-->[39m [37mGET[39m [37m/wd/hub/session/ea52114f-8510-475a-ad19-0b4495cdb616/window/rect[39m
[35m[HTTP][39m [90m{}[39m
[35m[HTTP][39m [37m<-- GET /wd/hub/session/ea52114f-8510-475a-ad19-0b4495cdb616/window/rect [39m[32m200[39m [90m17 ms - 50[39m
[35m[HTTP][39m [90m[39m
[35m[HTTP][39m [37m-->[39m [37mPOST[39m [37m/wd/hub/session/ea52114f-8510-475a-ad19-0b4495cdb616/elements[39m
[35m[HTTP][39m [90m{"using":"xpath","value":"//*[@class = 'android.widget.EditText' and (@text = '727856217' or . = '727856217') and @resource-id = 'com.ncba.loop.test:id/et_input_box_content']"}[39m
[35m[HTTP][39m [37m<-- POST /wd/hub/session/ea52114f-8510-475a-ad19-0b4495cdb616/elements [39m[32m200[39m [90m183 ms - 139[39m
[35m[HTTP][39m [90m[39m
[35m[HTTP][39m [37m-->[39m [37mGET[39m [37m/wd/hub/session/ea52114f-8510-475a-ad19-0b4495cdb616/element/00000000-0000-0168-ffff-ffff0000019d/location[39m
[35m[HTTP][39m [90m{}[39m
[35m[W3C (ea52114f)][39m Driver proxy active, passing request on via HTTP proxy
[35m[WD Proxy][39m Replacing sessionId 03132d05-d618-4a7e-9b87-1235999e5627 with ea52114f-8510-475a-ad19-0b4495cdb616
[35m[HTTP][39m [37m<-- GET /wd/hub/session/ea52114f-8510-475a-ad19-0b4495cdb616/element/00000000-0000-0168-ffff-ffff0000019d/location [39m[32m200[39m [90m17 ms - 77[39m
[35m[HTTP][39m [90m[39m
[35m[HTTP][39m [37m-->[39m [37mPOST[39m [37m/wd/hub/session/ea52114f-8510-475a-ad19-0b4495cdb616/element/00000000-0000-0168-ffff-ffff0000019d/clear[39m
[35m[HTTP][39m [90m{"id":"00000000-0000-0168-ffff-ffff0000019d"}[39m
[35m[HTTP][39m [37m<-- POST /wd/hub/session/ea52114f-8510-475a-ad19-0b4495cdb616/element/00000000-0000-0168-ffff-ffff0000019d/clear [39m[32m200[39m [90m26 ms - 14[39m
[35m[HTTP][39m [90m[39m
[35m[HTTP][39m [37m-->[39m [37mPOST[39m [37m/wd/hub/session/ea52114f-8510-475a-ad19-0b4495cdb616/element/00000000-0000-0168-ffff-ffff0000019d/value[39m
[35m[HTTP][39m [90m{"id":"00000000-0000-0168-ffff-ffff0000019d","text":"727856217","value":["7","2","7","8","5","6","2","1","7"]}[39m
[35m[HTTP][39m [37m<-- POST /wd/hub/session/ea52114f-8510-475a-ad19-0b4495cdb616/element/00000000-0000-0168-ffff-ffff0000019d/value [39m[32m200[39m [90m1237 ms - 14[39m
[35m[HTTP][39m [90m[39m
[35m[HTTP][39m [37m-->[39m [37mGET[39m [37m/wd/hub/session/ea52114f-8510-475a-ad19-0b4495cdb616/source[39m
[35m[HTTP][39m [90m{}[39m
[35m[W3C (ea52114f)][39m Driver proxy active, passing request on via HTTP proxy
[35m[WD Proxy][39m Replacing sessionId 03132d05-d618-4a7e-9b87-1235999e5627 with ea52114f-8510-475a-ad19-0b4495cdb616
[35m[HTTP][39m [37m<-- GET /wd/hub/session/ea52114f-8510-475a-ad19-0b4495cdb616/source [39m[32m200[39m [90m86 ms - 15514[39m
[35m[HTTP][39m [90m[39m
[35m[HTTP][39m [37m-->[39m [37mGET[39m [37m/wd/hub/session/ea52114f-8510-475a-ad19-0b4495cdb616/screenshot[39m
[35m[HTTP][39m [90m{}[39m
[35m[HTTP][39m [37m<-- GET /wd/hub/session/ea52114f-8510-475a-ad19-0b4495cdb616/screenshot [39m[32m200[39m [90m622 ms - 357084[39m
[35m[HTTP][39m [90m[39m
[35m[HTTP][39m [37m-->[39m [37mPOST[39m [37m/wd/hub/session/ea52114f-8510-475a-ad19-0b4495cdb616/elements[39m
[35m[HTTP][39m [90m{"using":"xpath","value":"//*[@class = 'android.widget.Button' and (@text = 'Next' or . = 'Next') and @resource-id = 'com.ncba.loop.test:id/btn_phone_next']"}[39m
[35m[HTTP][39m [37m<-- POST /wd/hub/session/ea52114f-8510-475a-ad19-0b4495cdb616/elements [39m[32m200[39m [90m149 ms - 139[39m
[35m[HTTP][39m [90m[39m
[35m[HTTP][39m [37m-->[39m [37mGET[39m [37m/wd/hub/session/ea52114f-8510-475a-ad19-0b4495cdb616/window/rect[39m
[35m[HTTP][39m [90m{}[39m
[35m[HTTP][39m [37m<-- GET /wd/hub/session/ea52114f-8510-475a-ad19-0b4495cdb616/window/rect [39m[32m200[39m [90m19 ms - 50[39m
[35m[HTTP][39m [90m[39m
[35m[HTTP][39m [37m-->[39m [37mPOST[39m [37m/wd/hub/session/ea52114f-8510-475a-ad19-0b4495cdb616/elements[39m
[35m[HTTP][39m [90m{"using":"xpath","value":"//*[@class = 'android.widget.Button' and (@text = 'Next' or . = 'Next') and @resource-id = 'com.ncba.loop.test:id/btn_phone_next']"}[39m
[35m[HTTP][39m [37m<-- POST /wd/hub/session/ea52114f-8510-475a-ad19-0b4495cdb616/elements [39m[32m200[39m [90m99 ms - 139[39m
[35m[HTTP][39m [90m[39m
[35m[HTTP][39m [37m-->[39m [37mGET[39m [37m/wd/hub/session/ea52114f-8510-475a-ad19-0b4495cdb616/element/00000000-0000-0168-ffff-ffff000001a1/location[39m
[35m[HTTP][39m [90m{}[39m
[35m[W3C (ea52114f)][39m Driver proxy active, passing request on via HTTP proxy
[35m[WD Proxy][39m Replacing sessionId 03132d05-d618-4a7e-9b87-1235999e5627 with ea52114f-8510-475a-ad19-0b4495cdb616
[35m[HTTP][39m [37m<-- GET /wd/hub/session/ea52114f-8510-475a-ad19-0b4495cdb616/element/00000000-0000-0168-ffff-ffff000001a1/location [39m[32m200[39m [90m17 ms - 78[39m
[35m[HTTP][39m [90m[39m
[35m[HTTP][39m [37m-->[39m [37mPOST[39m [37m/wd/hub/session/ea52114f-8510-475a-ad19-0b4495cdb616/element/00000000-0000-0168-ffff-ffff000001a1/click[39m
[35m[HTTP][39m [90m{"id":"00000000-0000-0168-ffff-ffff000001a1"}[39m
[35m[HTTP][39m [37m<-- POST /wd/hub/session/ea52114f-8510-475a-ad19-0b4495cdb616/element/00000000-0000-0168-ffff-ffff000001a1/click [39m[32m200[39m [90m94 ms - 14[39m
[35m[HTTP][39m [90m[39m
[35m[HTTP][39m [37m-->[39m [37mGET[39m [37m/wd/hub/session/ea52114f-8510-475a-ad19-0b4495cdb616/source[39m
[35m[HTTP][39m [90m{}[39m
[35m[W3C (ea52114f)][39m Driver proxy active, passing request on via HTTP proxy
[35m[WD Proxy][39m Replacing sessionId 03132d05-d618-4a7e-9b87-1235999e5627 with ea52114f-8510-475a-ad19-0b4495cdb616
[35m[HTTP][39m [37m<-- GET /wd/hub/session/ea52114f-8510-475a-ad19-0b4495cdb616/source [39m[32m200[39m [90m218 ms - 2749[39m
[35m[HTTP][39m [90m[39m
[35m[HTTP][39m [37m-->[39m [37mGET[39m [37m/wd/hub/session/ea52114f-8510-475a-ad19-0b4495cdb616/screenshot[39m
[35m[HTTP][39m [90m{}[39m
[35m[HTTP][39m [37m<-- GET /wd/hub/session/ea52114f-8510-475a-ad19-0b4495cdb616/screenshot [39m[32m200[39m [90m605 ms - 324912[39m
[35m[HTTP][39m [90m[39m
[35m[HTTP][39m [37m-->[39m [37mPOST[39m [37m/wd/hub/session/ea52114f-8510-475a-ad19-0b4495cdb616/elements[39m
[35m[HTTP][39m [90m{"using":"xpath","value":"//*[@class = 'android.view.ViewGroup' and (@text = '' or . = '')]"}[39m
[35m[HTTP][39m [37m<-- POST /wd/hub/session/ea52114f-8510-475a-ad19-0b4495cdb616/elements [39m[32m200[39m [90m60091 ms - 12[39m
[35m[HTTP][39m [90m[39m
[35m[HTTP][39m [37m-->[39m [37mPOST[39m [37m/wd/hub/session/ea52114f-8510-475a-ad19-0b4495cdb616/elements[39m
[35m[HTTP][39m [90m{"using":"-android uiautomator","value":"new UiSelector().className(\"android.view.ViewGroup\")"}[39m
[35m[HTTP][39m [37m<-- POST /wd/hub/session/ea52114f-8510-475a-ad19-0b4495cdb616/elements [39m[32m200[39m [90m60027 ms - 12[39m
[35m[HTTP][39m [90m[39m
[35m[HTTP][39m [37m-->[39m [37mGET[39m [37m/wd/hub/session/ea52114f-8510-475a-ad19-0b4495cdb616/window/rect[39m
[35m[HTTP][39m [90m{}[39m
[35m[HTTP][39m [37m<-- GET /wd/hub/session/ea52114f-8510-475a-ad19-0b4495cdb616/window/rect [39m[32m200[39m [90m103 ms - 50[39m
[35m[HTTP][39m [90m[39m
[35m[HTTP][39m [37m-->[39m [37mPOST[39m [37m/wd/hub/session/ea52114f-8510-475a-ad19-0b4495cdb616/elements[39m
[35m[HTTP][39m [90m{"using":"xpath","value":"//hierarchy/android.widget.FrameLayout[1]/android.widget.FrameLayout[1]/android.widget.FrameLayout[1]/android.view.ViewGroup[1]"}[39m
[35m[HTTP][39m [37m<-- POST /wd/hub/session/ea52114f-8510-475a-ad19-0b4495cdb616/elements [39m[32m200[39m [90m60046 ms - 12[39m
[35m[HTTP][39m [90m[39m
[35m[HTTP][39m [37m-->[39m [37mGET[39m [37m/wd/hub/session/ea52114f-8510-475a-ad19-0b4495cdb616/context[39m
[35m[HTTP][39m [90m{}[39m
[35m[HTTP][39m [37m<-- GET /wd/hub/session/ea52114f-8510-475a-ad19-0b4495cdb616/context [39m[32m200[39m [90m2 ms - 22[39m
[35m[HTTP][39m [90m[39m
[35m[HTTP][39m [37m-->[39m [37mGET[39m [37m/wd/hub/session/ea52114f-8510-475a-ad19-0b4495cdb616/contexts[39m
[35m[HTTP][39m [90m{}[39m
[35m[HTTP][39m [37m<-- GET /wd/hub/session/ea52114f-8510-475a-ad19-0b4495cdb616/contexts [39m[32m200[39m [90m85 ms - 24[39m
[35m[HTTP][39m [90m[39m
[35m[HTTP][39m [37m-->[39m [37mPOST[39m [37m/wd/hub/session/ea52114f-8510-475a-ad19-0b4495cdb616/context[39m
[35m[HTTP][39m [90m{"name":"NATIVE_APP"}[39m
[35m[HTTP][39m [37m<-- POST /wd/hub/session/ea52114f-8510-475a-ad19-0b4495cdb616/context [39m[32m200[39m [90m1 ms - 14[39m
[35m[HTTP][39m [90m[39m
[35m[HTTP][39m [37m-->[39m [37mPOST[39m [37m/wd/hub/session/ea52114f-8510-475a-ad19-0b4495cdb616/appium/device/press_keycode[39m
[35m[HTTP][39m [90m{"keycode":4}[39m
[35m[HTTP][39m [37m<-- POST /wd/hub/session/ea52114f-8510-475a-ad19-0b4495cdb616/appium/device/press_keycode [39m[32m200[39m [90m402 ms - 14[39m
[35m[HTTP][39m [90m[39m
[35m[HTTP][39m [37m-->[39m [37mPOST[39m [37m/wd/hub/session/ea52114f-8510-475a-ad19-0b4495cdb616/context[39m
[35m[HTTP][39m [90m{"name":"NATIVE_APP"}[39m
[35m[HTTP][39m [37m<-- POST /wd/hub/session/ea52114f-8510-475a-ad19-0b4495cdb616/context [39m[32m200[39m [90m1 ms - 14[39m
[35m[HTTP][39m [90m[39m
[35m[HTTP][39m [37m-->[39m [37mGET[39m [37m/wd/hub/session/ea52114f-8510-475a-ad19-0b4495cdb616/source[39m
[35m[HTTP][39m [90m{}[39m
[35m[W3C (ea52114f)][39m Driver proxy active, passing request on via HTTP proxy
[35m[WD Proxy][39m Replacing sessionId 03132d05-d618-4a7e-9b87-1235999e5627 with ea52114f-8510-475a-ad19-0b4495cdb616
[35m[HTTP][39m [37m<-- GET /wd/hub/session/ea52114f-8510-475a-ad19-0b4495cdb616/source [39m[32m200[39m [90m83 ms - 15514[39m
[35m[HTTP][39m [90m[39m
[35m[HTTP][39m [37m-->[39m [37mGET[39m [37m/wd/hub/session/ea52114f-8510-475a-ad19-0b4495cdb616/screenshot[39m
[35m[HTTP][39m [90m{}[39m
[35m[HTTP][39m [37m<-- GET /wd/hub/session/ea52114f-8510-475a-ad19-0b4495cdb616/screenshot [39m[32m200[39m [90m669 ms - 357520[39m
[35m[HTTP][39m [90m[39m
[35m[HTTP][39m [37m-->[39m [37mGET[39m [37m/wd/hub/session/ea52114f-8510-475a-ad19-0b4495cdb616/context[39m
[35m[HTTP][39m [90m{}[39m
[35m[HTTP][39m [37m<-- GET /wd/hub/session/ea52114f-8510-475a-ad19-0b4495cdb616/context [39m[32m200[39m [90m3 ms - 22[39m
[35m[HTTP][39m [90m[39m
[35m[HTTP][39m [37m-->[39m [37mGET[39m [37m/wd/hub/session/ea52114f-8510-475a-ad19-0b4495cdb616/contexts[39m
[35m[HTTP][39m [90m{}[39m
[35m[HTTP][39m [37m<-- GET /wd/hub/session/ea52114f-8510-475a-ad19-0b4495cdb616/contexts [39m[32m200[39m [90m76 ms - 24[39m
[35m[HTTP][39m [90m[39m
[35m[HTTP][39m [37m-->[39m [37mPOST[39m [37m/wd/hub/session/ea52114f-8510-475a-ad19-0b4495cdb616/context[39m
[35m[HTTP][39m [90m{"name":"NATIVE_APP"}[39m
[35m[HTTP][39m [37m<-- POST /wd/hub/session/ea52114f-8510-475a-ad19-0b4495cdb616/context [39m[32m200[39m [90m1 ms - 14[39m
[35m[HTTP][39m [90m[39m
[35m[HTTP][39m [37m-->[39m [37mPOST[39m [37m/wd/hub/session/ea52114f-8510-475a-ad19-0b4495cdb616/orientation[39m
[35m[HTTP][39m [90m{"orientation":"PORTRAIT"}[39m
[35m[W3C (ea52114f)][39m Driver proxy active, passing request on via HTTP proxy
[35m[WD Proxy][39m Replacing sessionId 03132d05-d618-4a7e-9b87-1235999e5627 with ea52114f-8510-475a-ad19-0b4495cdb616
[35m[HTTP][39m [37m<-- POST /wd/hub/session/ea52114f-8510-475a-ad19-0b4495cdb616/orientation [39m[32m200[39m [90m26 ms - 71[39m
[35m[HTTP][39m [90m[39m
[35m[HTTP][39m [37m-->[39m [37mPOST[39m [37m/wd/hub/session/ea52114f-8510-475a-ad19-0b4495cdb616/context[39m
[35m[HTTP][39m [90m{"name":"NATIVE_APP"}[39m
[35m[HTTP][39m [37m<-- POST /wd/hub/session/ea52114f-8510-475a-ad19-0b4495cdb616/context [39m[32m200[39m [90m1 ms - 14[39m
[35m[HTTP][39m [90m[39m
[35m[HTTP][39m [37m-->[39m [37mGET[39m [37m/wd/hub/session/ea52114f-8510-475a-ad19-0b4495cdb616/source[39m
[35m[HTTP][39m [90m{}[39m
[35m[W3C (ea52114f)][39m Driver proxy active, passing request on via HTTP proxy
[35m[WD Proxy][39m Replacing sessionId 03132d05-d618-4a7e-9b87-1235999e5627 with ea52114f-8510-475a-ad19-0b4495cdb616
[35m[HTTP][39m [37m<-- GET /wd/hub/session/ea52114f-8510-475a-ad19-0b4495cdb616/source [39m[32m200[39m [90m82 ms - 15514[39m
[35m[HTTP][39m [90m[39m
[35m[HTTP][39m [37m-->[39m [37mGET[39m [37m/wd/hub/session/ea52114f-8510-475a-ad19-0b4495cdb616/screenshot[39m
[35m[HTTP][39m [90m{}[39m
[35m[HTTP][39m [37m<-- GET /wd/hub/session/ea52114f-8510-475a-ad19-0b4495cdb616/screenshot [39m[32m200[39m [90m643 ms - 358238[39m
[35m[HTTP][39m [90m[39m
[35m[HTTP][39m [37m-->[39m [37mPOST[39m [37m/wd/hub/session/ea52114f-8510-475a-ad19-0b4495cdb616/elements[39m
[35m[HTTP][39m [90m{"using":"xpath","value":"//*[@class = 'android.widget.Button' and (@text = 'Next' or . = 'Next') and @resource-id = 'com.ncba.loop.test:id/btn_phone_next']"}[39m
[35m[HTTP][39m [37m<-- POST /wd/hub/session/ea52114f-8510-475a-ad19-0b4495cdb616/elements [39m[32m200[39m [90m82 ms - 139[39m
[35m[HTTP][39m [90m[39m
[35m[HTTP][39m [37m-->[39m [37mGET[39m [37m/wd/hub/session/ea52114f-8510-475a-ad19-0b4495cdb616/window/rect[39m
[35m[HTTP][39m [90m{}[39m
[35m[HTTP][39m [37m<-- GET /wd/hub/session/ea52114f-8510-475a-ad19-0b4495cdb616/window/rect [39m[32m200[39m [90m10 ms - 50[39m
[35m[HTTP][39m [90m[39m
[35m[HTTP][39m [37m-->[39m [37mPOST[39m [37m/wd/hub/session/ea52114f-8510-475a-ad19-0b4495cdb616/elements[39m
[35m[HTTP][39m [90m{"using":"xpath","value":"//*[@class = 'android.widget.Button' and (@text = 'Next' or . = 'Next') and @resource-id = 'com.ncba.loop.test:id/btn_phone_next']"}[39m
[35m[HTTP][39m [37m<-- POST /wd/hub/session/ea52114f-8510-475a-ad19-0b4495cdb616/elements [39m[32m200[39m [90m82 ms - 139[39m
[35m[HTTP][39m [90m[39m
[35m[HTTP][39m [37m-->[39m [37mGET[39m [37m/wd/hub/session/ea52114f-8510-475a-ad19-0b4495cdb616/element/00000000-0000-0168-ffff-ffff000001a1/location[39m
[35m[HTTP][39m [90m{}[39m
[35m[W3C (ea52114f)][39m Driver proxy active, passing request on via HTTP proxy
[35m[WD Proxy][39m Replacing sessionId 03132d05-d618-4a7e-9b87-1235999e5627 with ea52114f-8510-475a-ad19-0b4495cdb616
[35m[HTTP][39m [37m<-- GET /wd/hub/session/ea52114f-8510-475a-ad19-0b4495cdb616/element/00000000-0000-0168-ffff-ffff000001a1/location [39m[32m200[39m [90m20 ms - 78[39m
[35m[HTTP][39m [90m[39m
[35m[HTTP][39m [37m-->[39m [37mPOST[39m [37m/wd/hub/session/ea52114f-8510-475a-ad19-0b4495cdb616/element/00000000-0000-0168-ffff-ffff000001a1/click[39m
[35m[HTTP][39m [90m{"id":"00000000-0000-0168-ffff-ffff000001a1"}[39m
[35m[HTTP][39m [37m<-- POST /wd/hub/session/ea52114f-8510-475a-ad19-0b4495cdb616/element/00000000-0000-0168-ffff-ffff000001a1/click [39m[32m200[39m [90m731 ms - 14[39m
[35m[HTTP][39m [90m[39m
[35m[HTTP][39m [37m-->[39m [37mGET[39m [37m/wd/hub/session/ea52114f-8510-475a-ad19-0b4495cdb616/source[39m
[35m[HTTP][39m [90m{}[39m
[35m[W3C (ea52114f)][39m Driver proxy active, passing request on via HTTP proxy
[35m[WD Proxy][39m Replacing sessionId 03132d05-d618-4a7e-9b87-1235999e5627 with ea52114f-8510-475a-ad19-0b4495cdb616
[35m[HTTP][39m [37m<-- GET /wd/hub/session/ea52114f-8510-475a-ad19-0b4495cdb616/source [39m[32m200[39m [90m41 ms - 2749[39m
[35m[HTTP][39m [90m[39m
[35m[HTTP][39m [37m-->[39m [37mGET[39m [37m/wd/hub/session/ea52114f-8510-475a-ad19-0b4495cdb616/screenshot[39m
[35m[HTTP][39m [90m{}[39m
[35m[HTTP][39m [37m<-- GET /wd/hub/session/ea52114f-8510-475a-ad19-0b4495cdb616/screenshot [39m[32m200[39m [90m583 ms - 325056[39m
[35m[HTTP][39m [90m[39m
[35m[HTTP][39m [37m-->[39m [37mGET[39m [37m/wd/hub/session/ea52114f-8510-475a-ad19-0b4495cdb616/context[39m
[35m[HTTP][39m [90m{}[39m
[35m[HTTP][39m [37m<-- GET /wd/hub/session/ea52114f-8510-475a-ad19-0b4495cdb616/context [39m[32m200[39m [90m1 ms - 22[39m
[35m[HTTP][39m [90m[39m
[35m[HTTP][39m [37m-->[39m [37mGET[39m [37m/wd/hub/session/ea52114f-8510-475a-ad19-0b4495cdb616/contexts[39m
[35m[HTTP][39m [90m{}[39m
[35m[HTTP][39m [37m<-- GET /wd/hub/session/ea52114f-8510-475a-ad19-0b4495cdb616/contexts [39m[32m200[39m [90m69 ms - 24[39m
[35m[HTTP][39m [90m[39m
[35m[HTTP][39m [37m-->[39m [37mPOST[39m [37m/wd/hub/session/ea52114f-8510-475a-ad19-0b4495cdb616/context[39m
[35m[HTTP][39m [90m{"name":"NATIVE_APP"}[39m
[35m[HTTP][39m [37m<-- POST /wd/hub/session/ea52114f-8510-475a-ad19-0b4495cdb616/context [39m[32m200[39m [90m1 ms - 14[39m
[35m[HTTP][39m [90m[39m
[35m[HTTP][39m [37m-->[39m [37mPOST[39m [37m/wd/hub/session/ea52114f-8510-475a-ad19-0b4495cdb616/orientation[39m
[35m[HTTP][39m [90m{"orientation":"PORTRAIT"}[39m
[35m[W3C (ea52114f)][39m Driver proxy active, passing request on via HTTP proxy
[35m[WD Proxy][39m Replacing sessionId 03132d05-d618-4a7e-9b87-1235999e5627 with ea52114f-8510-475a-ad19-0b4495cdb616
[35m[HTTP][39m [37m<-- POST /wd/hub/session/ea52114f-8510-475a-ad19-0b4495cdb616/orientation [39m[32m200[39m [90m158 ms - 71[39m
[35m[HTTP][39m [90m[39m
[35m[HTTP][39m [37m-->[39m [37mPOST[39m [37m/wd/hub/session/ea52114f-8510-475a-ad19-0b4495cdb616/context[39m
[35m[HTTP][39m [90m{"name":"NATIVE_APP"}[39m
[35m[HTTP][39m [37m<-- POST /wd/hub/session/ea52114f-8510-475a-ad19-0b4495cdb616/context [39m[32m200[39m [90m1 ms - 14[39m
[35m[HTTP][39m [90m[39m
[35m[HTTP][39m [37m-->[39m [37mGET[39m [37m/wd/hub/session/ea52114f-8510-475a-ad19-0b4495cdb616/source[39m
[35m[HTTP][39m [90m{}[39m
[35m[W3C (ea52114f)][39m Driver proxy active, passing request on via HTTP proxy
[35m[WD Proxy][39m Replacing sessionId 03132d05-d618-4a7e-9b87-1235999e5627 with ea52114f-8510-475a-ad19-0b4495cdb616
[35m[HTTP][39m [37m<-- GET /wd/hub/session/ea52114f-8510-475a-ad19-0b4495cdb616/source [39m[32m200[39m [90m448 ms - 6902[39m
[35m[HTTP][39m [90m[39m
[35m[HTTP][39m [37m-->[39m [37mGET[39m [37m/wd/hub/session/ea52114f-8510-475a-ad19-0b4495cdb616/screenshot[39m
[35m[HTTP][39m [90m{}[39m
[35m[HTTP][39m [37m<-- GET /wd/hub/session/ea52114f-8510-475a-ad19-0b4495cdb616/screenshot [39m[32m200[39m [90m611 ms - 342396[39m
[35m[HTTP][39m [90m[39m
[35m[HTTP][39m [37m-->[39m [37mPOST[39m [37m/wd/hub/session/ea52114f-8510-475a-ad19-0b4495cdb616/elements[39m
[35m[HTTP][39m [90m{"using":"xpath","value":"//*[@class = 'android.widget.LinearLayout' and (@text = '' or . = '')]"}[39m
[35m[HTTP][39m [37m<-- POST /wd/hub/session/ea52114f-8510-475a-ad19-0b4495cdb616/elements [39m[32m200[39m [90m398 ms - 395[39m
[35m[HTTP][39m [90m[39m
[35m[HTTP][39m [37m-->[39m [37mPOST[39m [37m/wd/hub/session/ea52114f-8510-475a-ad19-0b4495cdb616/elements[39m
[35m[HTTP][39m [90m{"using":"-android uiautomator","value":"new UiSelector().className(\"android.widget.LinearLayout\")"}[39m
[35m[HTTP][39m [37m<-- POST /wd/hub/session/ea52114f-8510-475a-ad19-0b4495cdb616/elements [39m[32m200[39m [90m50 ms - 395[39m
[35m[HTTP][39m [90m[39m
[35m[HTTP][39m [37m-->[39m [37mGET[39m [37m/wd/hub/session/ea52114f-8510-475a-ad19-0b4495cdb616/window/rect[39m
[35m[HTTP][39m [90m{}[39m
[35m[HTTP][39m [37m<-- GET /wd/hub/session/ea52114f-8510-475a-ad19-0b4495cdb616/window/rect [39m[32m200[39m [90m14 ms - 50[39m
[35m[HTTP][39m [90m[39m
[35m[HTTP][39m [37m-->[39m [37mPOST[39m [37m/wd/hub/session/ea52114f-8510-475a-ad19-0b4495cdb616/elements[39m
[35m[HTTP][39m [90m{"using":"xpath","value":"//hierarchy/android.widget.FrameLayout[1]/android.widget.LinearLayout[1]/android.widget.FrameLayout[1]/android.widget.LinearLayout[1]/android.widget.FrameLayout[1]/android.widget.RelativeLayout[1]/android.widget.RelativeLayout[1]/android.widget.LinearLayout[1]"}[39m
[35m[HTTP][39m [37m<-- POST /wd/hub/session/ea52114f-8510-475a-ad19-0b4495cdb616/elements [39m[32m200[39m [90m41 ms - 139[39m
[35m[HTTP][39m [90m[39m
[35m[HTTP][39m [37m-->[39m [37mGET[39m [37m/wd/hub/session/ea52114f-8510-475a-ad19-0b4495cdb616/element/00000000-0000-016e-ffff-ffff000001e2/location[39m
[35m[HTTP][39m [90m{}[39m
[35m[W3C (ea52114f)][39m Driver proxy active, passing request on via HTTP proxy
[35m[WD Proxy][39m Replacing sessionId 03132d05-d618-4a7e-9b87-1235999e5627 with ea52114f-8510-475a-ad19-0b4495cdb616
[35m[HTTP][39m [37m<-- GET /wd/hub/session/ea52114f-8510-475a-ad19-0b4495cdb616/element/00000000-0000-016e-ffff-ffff000001e2/location [39m[32m200[39m [90m18 ms - 76[39m
[35m[HTTP][39m [90m[39m
[35m[HTTP][39m [37m-->[39m [37mGET[39m [37m/wd/hub/session/ea52114f-8510-475a-ad19-0b4495cdb616/element/00000000-0000-016e-ffff-ffff000001e2/text[39m
[35m[HTTP][39m [90m{}[39m
[35m[W3C (ea52114f)][39m Driver proxy active, passing request on via HTTP proxy
[35m[WD Proxy][39m Replacing sessionId 03132d05-d618-4a7e-9b87-1235999e5627 with ea52114f-8510-475a-ad19-0b4495cdb616
[35m[HTTP][39m [37m<-- GET /wd/hub/session/ea52114f-8510-475a-ad19-0b4495cdb616/element/00000000-0000-016e-ffff-ffff000001e2/text [39m[32m200[39m [90m19 ms - 63[39m
[35m[HTTP][39m [90m[39m
[35m[HTTP][39m [37m-->[39m [37mGET[39m [37m/wd/hub/session/ea52114f-8510-475a-ad19-0b4495cdb616/source[39m
[35m[HTTP][39m [90m{}[39m
[35m[W3C (ea52114f)][39m Driver proxy active, passing request on via HTTP proxy
[35m[WD Proxy][39m Replacing sessionId 03132d05-d618-4a7e-9b87-1235999e5627 with ea52114f-8510-475a-ad19-0b4495cdb616
[35m[HTTP][39m [37m<-- GET /wd/hub/session/ea52114f-8510-475a-ad19-0b4495cdb616/source [39m[32m200[39m [90m31 ms - 2749[39m
[35m[HTTP][39m [90m[39m
[35m[HTTP][39m [37m-->[39m [37mGET[39m [37m/wd/hub/session/ea52114f-8510-475a-ad19-0b4495cdb616/screenshot[39m
[35m[HTTP][39m [90m{}[39m
[35m[HTTP][39m [37m<-- GET /wd/hub/session/ea52114f-8510-475a-ad19-0b4495cdb616/screenshot [39m[32m200[39m [90m592 ms - 314402[39m
[35m[HTTP][39m [90m[39m
[35m[HTTP][39m [37m-->[39m [37mGET[39m [37m/wd/hub/session/ea52114f-8510-475a-ad19-0b4495cdb616/context[39m
[35m[HTTP][39m [90m{}[39m
[35m[HTTP][39m [37m<-- GET /wd/hub/session/ea52114f-8510-475a-ad19-0b4495cdb616/context [39m[32m200[39m [90m2 ms - 22[39m
[35m[HTTP][39m [90m[39m
[35m[HTTP][39m [37m-->[39m [37mGET[39m [37m/wd/hub/session/ea52114f-8510-475a-ad19-0b4495cdb616/contexts[39m
[35m[HTTP][39m [90m{}[39m
[35m[HTTP][39m [37m<-- GET /wd/hub/session/ea52114f-8510-475a-ad19-0b4495cdb616/contexts [39m[32m200[39m [90m83 ms - 24[39m
[35m[HTTP][39m [90m[39m
[35m[HTTP][39m [37m-->[39m [37mPOST[39m [37m/wd/hub/session/ea52114f-8510-475a-ad19-0b4495cdb616/context[39m
[35m[HTTP][39m [90m{"name":"NATIVE_APP"}[39m
[35m[HTTP][39m [37m<-- POST /wd/hub/session/ea52114f-8510-475a-ad19-0b4495cdb616/context [39m[32m200[39m [90m1 ms - 14[39m
[35m[HTTP][39m [90m[39m
[35m[HTTP][39m [37m-->[39m [37mPOST[39m [37m/wd/hub/session/ea52114f-8510-475a-ad19-0b4495cdb616/orientation[39m
[35m[HTTP][39m [90m{"orientation":"PORTRAIT"}[39m
[35m[W3C (ea52114f)][39m Driver proxy active, passing request on via HTTP proxy
[35m[WD Proxy][39m Replacing sessionId 03132d05-d618-4a7e-9b87-1235999e5627 with ea52114f-8510-475a-ad19-0b4495cdb616
[35m[HTTP][39m [37m<-- POST /wd/hub/session/ea52114f-8510-475a-ad19-0b4495cdb616/orientation [39m[32m200[39m [90m14 ms - 71[39m
[35m[HTTP][39m [90m[39m
[35m[HTTP][39m [37m-->[39m [37mPOST[39m [37m/wd/hub/session/ea52114f-8510-475a-ad19-0b4495cdb616/context[39m
[35m[HTTP][39m [90m{"name":"NATIVE_APP"}[39m
[35m[HTTP][39m [37m<-- POST /wd/hub/session/ea52114f-8510-475a-ad19-0b4495cdb616/context [39m[32m200[39m [90m1 ms - 14[39m
[35m[HTTP][39m [90m[39m
[35m[HTTP][39m [37m-->[39m [37mGET[39m [37m/wd/hub/session/ea52114f-8510-475a-ad19-0b4495cdb616/source[39m
[35m[HTTP][39m [90m{}[39m
[35m[W3C (ea52114f)][39m Driver proxy active, passing request on via HTTP proxy
[35m[WD Proxy][39m Replacing sessionId 03132d05-d618-4a7e-9b87-1235999e5627 with ea52114f-8510-475a-ad19-0b4495cdb616
[35m[HTTP][39m [37m<-- GET /wd/hub/session/ea52114f-8510-475a-ad19-0b4495cdb616/source [39m[32m200[39m [90m96 ms - 6940[39m
[35m[HTTP][39m [90m[39m
[35m[HTTP][39m [37m-->[39m [37mGET[39m [37m/wd/hub/session/ea52114f-8510-475a-ad19-0b4495cdb616/screenshot[39m
[35m[HTTP][39m [90m{}[39m
[35m[HTTP][39m [37m<-- GET /wd/hub/session/ea52114f-8510-475a-ad19-0b4495cdb616/screenshot [39m[32m200[39m [90m631 ms - 81244[39m
[35m[HTTP][39m [90m[39m
[35m[HTTP][39m [37m-->[39m [37mPOST[39m [37m/wd/hub/session/ea52114f-8510-475a-ad19-0b4495cdb616/elements[39m
[35m[HTTP][39m [90m{"using":"xpath","value":"//*[@class = 'android.widget.Button' and (@text = 'WHILE USING THE APP' or . = 'WHILE USING THE APP') and @resource-id = 'com.android.permissioncontroller:id/permission_allow_foreground_only_button']"}[39m
[35m[HTTP][39m [37m<-- POST /wd/hub/session/ea52114f-8510-475a-ad19-0b4495cdb616/elements [39m[32m200[39m [90m108 ms - 139[39m
[35m[HTTP][39m [90m[39m
[35m[HTTP][39m [37m-->[39m [37mGET[39m [37m/wd/hub/session/ea52114f-8510-475a-ad19-0b4495cdb616/window/rect[39m
[35m[HTTP][39m [90m{}[39m
[35m[HTTP][39m [37m<-- GET /wd/hub/session/ea52114f-8510-475a-ad19-0b4495cdb616/window/rect [39m[32m200[39m [90m18 ms - 50[39m
[35m[HTTP][39m [90m[39m
[35m[HTTP][39m [37m-->[39m [37mPOST[39m [37m/wd/hub/session/ea52114f-8510-475a-ad19-0b4495cdb616/elements[39m
[35m[HTTP][39m [90m{"using":"xpath","value":"//*[@class = 'android.widget.Button' and (@text = 'WHILE USING THE APP' or . = 'WHILE USING THE APP') and @resource-id = 'com.android.permissioncontroller:id/permission_allow_foreground_only_button']"}[39m
[35m[HTTP][39m [37m<-- POST /wd/hub/session/ea52114f-8510-475a-ad19-0b4495cdb616/elements [39m[32m200[39m [90m82 ms - 139[39m
[35m[HTTP][39m [90m[39m
[35m[HTTP][39m [37m-->[39m [37mGET[39m [37m/wd/hub/session/ea52114f-8510-475a-ad19-0b4495cdb616/element/00000000-0000-0171-ffff-ffff00000013/location[39m
[35m[HTTP][39m [90m{}[39m
[35m[W3C (ea52114f)][39m Driver proxy active, passing request on via HTTP proxy
[35m[WD Proxy][39m Replacing sessionId 03132d05-d618-4a7e-9b87-1235999e5627 with ea52114f-8510-475a-ad19-0b4495cdb616
[35m[HTTP][39m [37m<-- GET /wd/hub/session/ea52114f-8510-475a-ad19-0b4495cdb616/element/00000000-0000-0171-ffff-ffff00000013/location [39m[32m200[39m [90m71 ms - 78[39m
[35m[HTTP][39m [90m[39m
[35m[HTTP][39m [37m-->[39m [37mPOST[39m [37m/wd/hub/session/ea52114f-8510-475a-ad19-0b4495cdb616/element/00000000-0000-0171-ffff-ffff00000013/click[39m
[35m[HTTP][39m [90m{"id":"00000000-0000-0171-ffff-ffff00000013"}[39m
[35m[HTTP][39m [37m<-- POST /wd/hub/session/ea52114f-8510-475a-ad19-0b4495cdb616/element/00000000-0000-0171-ffff-ffff00000013/click [39m[32m200[39m [90m117 ms - 14[39m
[35m[HTTP][39m [90m[39m
[35m[HTTP][39m [37m-->[39m [37mGET[39m [37m/wd/hub/session/ea52114f-8510-475a-ad19-0b4495cdb616/source[39m
[35m[HTTP][39m [90m{}[39m
[35m[W3C (ea52114f)][39m Driver proxy active, passing request on via HTTP proxy
[35m[WD Proxy][39m Replacing sessionId 03132d05-d618-4a7e-9b87-1235999e5627 with ea52114f-8510-475a-ad19-0b4495cdb616
[35m[HTTP][39m [37m<-- GET /wd/hub/session/ea52114f-8510-475a-ad19-0b4495cdb616/source [39m[32m200[39m [90m230 ms - 6876[39m
[35m[HTTP][39m [90m[39m
[35m[HTTP][39m [37m-->[39m [37mGET[39m [37m/wd/hub/session/ea52114f-8510-475a-ad19-0b4495cdb616/screenshot[39m
[35m[HTTP][39m [90m{}[39m
[35m[HTTP][39m [37m<-- GET /wd/hub/session/ea52114f-8510-475a-ad19-0b4495cdb616/screenshot [39m[32m200[39m [90m2646 ms - 2787182[39m
[35m[HTTP][39m [90m[39m
[35m[HTTP][39m [37m-->[39m [37mGET[39m [37m/wd/hub/session/ea52114f-8510-475a-ad19-0b4495cdb616/context[39m
[35m[HTTP][39m [90m{}[39m
[35m[HTTP][39m [37m<-- GET /wd/hub/session/ea52114f-8510-475a-ad19-0b4495cdb616/context [39m[32m200[39m [90m2 ms - 22[39m
[35m[HTTP][39m [90m[39m
[35m[HTTP][39m [37m-->[39m [37mGET[39m [37m/wd/hub/session/ea52114f-8510-475a-ad19-0b4495cdb616/contexts[39m
[35m[HTTP][39m [90m{}[39m
[35m[HTTP][39m [37m<-- GET /wd/hub/session/ea52114f-8510-475a-ad19-0b4495cdb616/contexts [39m[32m200[39m [90m84 ms - 24[39m
[35m[HTTP][39m [90m[39m
[35m[HTTP][39m [37m-->[39m [37mPOST[39m [37m/wd/hub/session/ea52114f-8510-475a-ad19-0b4495cdb616/context[39m
[35m[HTTP][39m [90m{"name":"NATIVE_APP"}[39m
[35m[HTTP][39m [37m<-- POST /wd/hub/session/ea52114f-8510-475a-ad19-0b4495cdb616/context [39m[32m200[39m [90m1 ms - 14[39m
[35m[HTTP][39m [90m[39m
[35m[HTTP][39m [37m-->[39m [37mPOST[39m [37m/wd/hub/session/ea52114f-8510-475a-ad19-0b4495cdb616/orientation[39m
[35m[HTTP][39m [90m{"orientation":"PORTRAIT"}[39m
[35m[W3C (ea52114f)][39m Driver proxy active, passing request on via HTTP proxy
[35m[WD Proxy][39m Replacing sessionId 03132d05-d618-4a7e-9b87-1235999e5627 with ea52114f-8510-475a-ad19-0b4495cdb616
[35m[HTTP][39m [37m<-- POST /wd/hub/session/ea52114f-8510-475a-ad19-0b4495cdb616/orientation [39m[32m200[39m [90m21 ms - 71[39m
[35m[HTTP][39m [90m[39m
[35m[HTTP][39m [37m-->[39m [37mPOST[39m [37m/wd/hub/session/ea52114f-8510-475a-ad19-0b4495cdb616/context[39m
[35m[HTTP][39m [90m{"name":"NATIVE_APP"}[39m
[35m[HTTP][39m [37m<-- POST /wd/hub/session/ea52114f-8510-475a-ad19-0b4495cdb616/context [39m[32m200[39m [90m1 ms - 14[39m
[35m[HTTP][39m [90m[39m
[35m[HTTP][39m [37m-->[39m [37mGET[39m [37m/wd/hub/session/ea52114f-8510-475a-ad19-0b4495cdb616/source[39m
[35m[HTTP][39m [90m{}[39m
[35m[W3C (ea52114f)][39m Driver proxy active, passing request on via HTTP proxy
[35m[WD Proxy][39m Replacing sessionId 03132d05-d618-4a7e-9b87-1235999e5627 with ea52114f-8510-475a-ad19-0b4495cdb616
[35m[HTTP][39m [37m<-- GET /wd/hub/session/ea52114f-8510-475a-ad19-0b4495cdb616/source [39m[32m200[39m [90m222 ms - 20437[39m
[35m[HTTP][39m [90m[39m
[35m[HTTP][39m [37m-->[39m [37mGET[39m [37m/wd/hub/session/ea52114f-8510-475a-ad19-0b4495cdb616/screenshot[39m
[35m[HTTP][39m [90m{}[39m
[35m[HTTP][39m [37m<-- GET /wd/hub/session/ea52114f-8510-475a-ad19-0b4495cdb616/screenshot [39m[32m200[39m [90m667 ms - 367380[39m
[35m[HTTP][39m [90m[39m
[35m[HTTP][39m [37m-->[39m [37mPOST[39m [37m/wd/hub/session/ea52114f-8510-475a-ad19-0b4495cdb616/elements[39m
[35m[HTTP][39m [90m{"using":"xpath","value":"//*[@class = 'android.widget.EditText' and (@text = 'Enter your password' or . = 'Enter your password') and @resource-id = 'com.ncba.loop.test:id/et_input_box_content']"}[39m
[35m[HTTP][39m [37m<-- POST /wd/hub/session/ea52114f-8510-475a-ad19-0b4495cdb616/elements [39m[32m200[39m [90m52 ms - 139[39m
[35m[HTTP][39m [90m[39m
[35m[HTTP][39m [37m-->[39m [37mGET[39m [37m/wd/hub/session/ea52114f-8510-475a-ad19-0b4495cdb616/window/rect[39m
[35m[HTTP][39m [90m{}[39m
[35m[HTTP][39m [37m<-- GET /wd/hub/session/ea52114f-8510-475a-ad19-0b4495cdb616/window/rect [39m[32m200[39m [90m15 ms - 50[39m
[35m[HTTP][39m [90m[39m
[35m[HTTP][39m [37m-->[39m [37mPOST[39m [37m/wd/hub/session/ea52114f-8510-475a-ad19-0b4495cdb616/elements[39m
[35m[HTTP][39m [90m{"using":"xpath","value":"//*[@class = 'android.widget.EditText' and (@text = 'Enter your password' or . = 'Enter your password') and @resource-id = 'com.ncba.loop.test:id/et_input_box_content']"}[39m
[35m[HTTP][39m [37m<-- POST /wd/hub/session/ea52114f-8510-475a-ad19-0b4495cdb616/elements [39m[32m200[39m [90m446 ms - 139[39m
[35m[HTTP][39m [90m[39m
[35m[HTTP][39m [37m-->[39m [37mGET[39m [37m/wd/hub/session/ea52114f-8510-475a-ad19-0b4495cdb616/element/00000000-0000-0172-ffff-ffff00000210/location[39m
[35m[HTTP][39m [90m{}[39m
[35m[W3C (ea52114f)][39m Driver proxy active, passing request on via HTTP proxy
[35m[WD Proxy][39m Replacing sessionId 03132d05-d618-4a7e-9b87-1235999e5627 with ea52114f-8510-475a-ad19-0b4495cdb616
[35m[HTTP][39m [37m<-- GET /wd/hub/session/ea52114f-8510-475a-ad19-0b4495cdb616/element/00000000-0000-0172-ffff-ffff00000210/location [39m[32m200[39m [90m16 ms - 77[39m
[35m[HTTP][39m [90m[39m
[35m[HTTP][39m [37m-->[39m [37mPOST[39m [37m/wd/hub/session/ea52114f-8510-475a-ad19-0b4495cdb616/element/00000000-0000-0172-ffff-ffff00000210/clear[39m
[35m[HTTP][39m [90m{"id":"00000000-0000-0172-ffff-ffff00000210"}[39m
[35m[HTTP][39m [37m<-- POST /wd/hub/session/ea52114f-8510-475a-ad19-0b4495cdb616/element/00000000-0000-0172-ffff-ffff00000210/clear [39m[32m200[39m [90m96 ms - 14[39m
[35m[HTTP][39m [90m[39m
[35m[HTTP][39m [37m-->[39m [37mPOST[39m [37m/wd/hub/session/ea52114f-8510-475a-ad19-0b4495cdb616/element/00000000-0000-0172-ffff-ffff00000210/value[39m
[35m[HTTP][39m [90m{"id":"00000000-0000-0172-ffff-ffff00000210","text":"Philip@2020@","value":["P","h","i","l","i","p","@","2","0","2","0","@"]}[39m
[35m[HTTP][39m [37m<-- POST /wd/hub/session/ea52114f-8510-475a-ad19-0b4495cdb616/element/00000000-0000-0172-ffff-ffff00000210/value [39m[32m200[39m [90m975 ms - 14[39m
[35m[HTTP][39m [90m[39m
[35m[HTTP][39m [37m-->[39m [37mGET[39m [37m/wd/hub/session/ea52114f-8510-475a-ad19-0b4495cdb616/source[39m
[35m[HTTP][39m [90m{}[39m
[35m[W3C (ea52114f)][39m Driver proxy active, passing request on via HTTP proxy
[35m[WD Proxy][39m Replacing sessionId 03132d05-d618-4a7e-9b87-1235999e5627 with ea52114f-8510-475a-ad19-0b4495cdb616
[35m[HTTP][39m [37m<-- GET /wd/hub/session/ea52114f-8510-475a-ad19-0b4495cdb616/source [39m[32m200[39m [90m62 ms - 23165[39m
[35m[HTTP][39m [90m[39m
[35m[HTTP][39m [37m-->[39m [37mGET[39m [37m/wd/hub/session/ea52114f-8510-475a-ad19-0b4495cdb616/screenshot[39m
[35m[HTTP][39m [90m{}[39m
[35m[HTTP][39m [37m<-- GET /wd/hub/session/ea52114f-8510-475a-ad19-0b4495cdb616/screenshot [39m[32m200[39m [90m676 ms - 366732[39m
[35m[HTTP][39m [90m[39m
[35m[HTTP][39m [37m-->[39m [37mPOST[39m [37m/wd/hub/session/ea52114f-8510-475a-ad19-0b4495cdb616/elements[39m
[35m[HTTP][39m [90m{"using":"xpath","value":"//*[@class = 'android.widget.EditText' and (@text = 'Confirm your Password' or . = 'Confirm your Password') and @resource-id = 'com.ncba.loop.test:id/et_input_box_content']"}[39m
[35m[HTTP][39m [37m<-- POST /wd/hub/session/ea52114f-8510-475a-ad19-0b4495cdb616/elements [39m[32m200[39m [90m124 ms - 139[39m
[35m[HTTP][39m [90m[39m
[35m[HTTP][39m [37m-->[39m [37mGET[39m [37m/wd/hub/session/ea52114f-8510-475a-ad19-0b4495cdb616/window/rect[39m
[35m[HTTP][39m [90m{}[39m
[35m[HTTP][39m [37m<-- GET /wd/hub/session/ea52114f-8510-475a-ad19-0b4495cdb616/window/rect [39m[32m200[39m [90m17 ms - 50[39m
[35m[HTTP][39m [90m[39m
[35m[HTTP][39m [37m-->[39m [37mPOST[39m [37m/wd/hub/session/ea52114f-8510-475a-ad19-0b4495cdb616/elements[39m
[35m[HTTP][39m [90m{"using":"xpath","value":"//*[@class = 'android.widget.EditText' and (@text = 'Confirm your Password' or . = 'Confirm your Password') and @resource-id = 'com.ncba.loop.test:id/et_input_box_content']"}[39m
[35m[HTTP][39m [37m<-- POST /wd/hub/session/ea52114f-8510-475a-ad19-0b4495cdb616/elements [39m[32m200[39m [90m70 ms - 139[39m
[35m[HTTP][39m [90m[39m
[35m[HTTP][39m [37m-->[39m [37mGET[39m [37m/wd/hub/session/ea52114f-8510-475a-ad19-0b4495cdb616/element/00000000-0000-0172-ffff-ffff0000021a/location[39m
[35m[HTTP][39m [90m{}[39m
[35m[W3C (ea52114f)][39m Driver proxy active, passing request on via HTTP proxy
[35m[WD Proxy][39m Replacing sessionId 03132d05-d618-4a7e-9b87-1235999e5627 with ea52114f-8510-475a-ad19-0b4495cdb616
[35m[HTTP][39m [37m<-- GET /wd/hub/session/ea52114f-8510-475a-ad19-0b4495cdb616/element/00000000-0000-0172-ffff-ffff0000021a/location [39m[32m200[39m [90m16 ms - 77[39m
[35m[HTTP][39m [90m[39m
[35m[HTTP][39m [37m-->[39m [37mPOST[39m [37m/wd/hub/session/ea52114f-8510-475a-ad19-0b4495cdb616/element/00000000-0000-0172-ffff-ffff0000021a/clear[39m
[35m[HTTP][39m [90m{"id":"00000000-0000-0172-ffff-ffff0000021a"}[39m
[35m[HTTP][39m [37m<-- POST /wd/hub/session/ea52114f-8510-475a-ad19-0b4495cdb616/element/00000000-0000-0172-ffff-ffff0000021a/clear [39m[32m200[39m [90m20 ms - 14[39m
[35m[HTTP][39m [90m[39m
[35m[HTTP][39m [37m-->[39m [37mPOST[39m [37m/wd/hub/session/ea52114f-8510-475a-ad19-0b4495cdb616/element/00000000-0000-0172-ffff-ffff0000021a/value[39m
[35m[HTTP][39m [90m{"id":"00000000-0000-0172-ffff-ffff0000021a","text":"Philip@2020@","value":["P","h","i","l","i","p","@","2","0","2","0","@"]}[39m
[35m[HTTP][39m [37m<-- POST /wd/hub/session/ea52114f-8510-475a-ad19-0b4495cdb616/element/00000000-0000-0172-ffff-ffff0000021a/value [39m[32m200[39m [90m1043 ms - 14[39m
[35m[HTTP][39m [90m[39m
[35m[HTTP][39m [37m-->[39m [37mGET[39m [37m/wd/hub/session/ea52114f-8510-475a-ad19-0b4495cdb616/source[39m
[35m[HTTP][39m [90m{}[39m
[35m[W3C (ea52114f)][39m Driver proxy active, passing request on via HTTP proxy
[35m[WD Proxy][39m Replacing sessionId 03132d05-d618-4a7e-9b87-1235999e5627 with ea52114f-8510-475a-ad19-0b4495cdb616
[35m[HTTP][39m [37m<-- GET /wd/hub/session/ea52114f-8510-475a-ad19-0b4495cdb616/source [39m[32m200[39m [90m70 ms - 24078[39m
[35m[HTTP][39m [90m[39m
[35m[HTTP][39m [37m-->[39m [37mGET[39m [37m/wd/hub/session/ea52114f-8510-475a-ad19-0b4495cdb616/screenshot[39m
[35m[HTTP][39m [90m{}[39m
[35m[HTTP][39m [37m<-- GET /wd/hub/session/ea52114f-8510-475a-ad19-0b4495cdb616/screenshot [39m[32m200[39m [90m586 ms - 359108[39m
[35m[HTTP][39m [90m[39m
[35m[HTTP][39m [37m-->[39m [37mPOST[39m [37m/wd/hub/session/ea52114f-8510-475a-ad19-0b4495cdb616/elements[39m
[35m[HTTP][39m [90m{"using":"xpath","value":"//*[@class = 'android.widget.Button' and (@text = 'Set' or . = 'Set') and @resource-id = 'com.ncba.loop.test:id/btn_next']"}[39m
[35m[HTTP][39m [37m<-- POST /wd/hub/session/ea52114f-8510-475a-ad19-0b4495cdb616/elements [39m[32m200[39m [90m140 ms - 139[39m
[35m[HTTP][39m [90m[39m
[35m[HTTP][39m [37m-->[39m [37mGET[39m [37m/wd/hub/session/ea52114f-8510-475a-ad19-0b4495cdb616/window/rect[39m
[35m[HTTP][39m [90m{}[39m
[35m[HTTP][39m [37m<-- GET /wd/hub/session/ea52114f-8510-475a-ad19-0b4495cdb616/window/rect [39m[32m200[39m [90m43 ms - 50[39m
[35m[HTTP][39m [90m[39m
[35m[HTTP][39m [37m-->[39m [37mPOST[39m [37m/wd/hub/session/ea52114f-8510-475a-ad19-0b4495cdb616/elements[39m
[35m[HTTP][39m [90m{"using":"xpath","value":"//*[@class = 'android.widget.Button' and (@text = 'Set' or . = 'Set') and @resource-id = 'com.ncba.loop.test:id/btn_next']"}[39m
[35m[HTTP][39m [37m<-- POST /wd/hub/session/ea52114f-8510-475a-ad19-0b4495cdb616/elements [39m[32m200[39m [90m117 ms - 139[39m
[35m[HTTP][39m [90m[39m
[35m[HTTP][39m [37m-->[39m [37mGET[39m [37m/wd/hub/session/ea52114f-8510-475a-ad19-0b4495cdb616/element/00000000-0000-0172-ffff-ffff0000023b/location[39m
[35m[HTTP][39m [90m{}[39m
[35m[W3C (ea52114f)][39m Driver proxy active, passing request on via HTTP proxy
[35m[WD Proxy][39m Replacing sessionId 03132d05-d618-4a7e-9b87-1235999e5627 with ea52114f-8510-475a-ad19-0b4495cdb616
[35m[HTTP][39m [37m<-- GET /wd/hub/session/ea52114f-8510-475a-ad19-0b4495cdb616/element/00000000-0000-0172-ffff-ffff0000023b/location [39m[32m200[39m [90m23 ms - 78[39m
[35m[HTTP][39m [90m[39m
[35m[HTTP][39m [37m-->[39m [37mPOST[39m [37m/wd/hub/session/ea52114f-8510-475a-ad19-0b4495cdb616/element/00000000-0000-0172-ffff-ffff0000023b/click[39m
[35m[HTTP][39m [90m{"id":"00000000-0000-0172-ffff-ffff0000023b"}[39m
[35m[HTTP][39m [37m<-- POST /wd/hub/session/ea52114f-8510-475a-ad19-0b4495cdb616/element/00000000-0000-0172-ffff-ffff0000023b/click [39m[32m200[39m [90m58 ms - 14[39m
[35m[HTTP][39m [90m[39m
[35m[HTTP][39m [37m-->[39m [37mGET[39m [37m/wd/hub/session/ea52114f-8510-475a-ad19-0b4495cdb616/source[39m
[35m[HTTP][39m [90m{}[39m
[35m[W3C (ea52114f)][39m Driver proxy active, passing request on via HTTP proxy
[35m[WD Proxy][39m Replacing sessionId 03132d05-d618-4a7e-9b87-1235999e5627 with ea52114f-8510-475a-ad19-0b4495cdb616
[35m[HTTP][39m [37m<-- GET /wd/hub/session/ea52114f-8510-475a-ad19-0b4495cdb616/source [39m[32m200[39m [90m48 ms - 2749[39m
[35m[HTTP][39m [90m[39m
[35m[HTTP][39m [37m-->[39m [37mGET[39m [37m/wd/hub/session/ea52114f-8510-475a-ad19-0b4495cdb616/screenshot[39m
[35m[HTTP][39m [90m{}[39m
[35m[HTTP][39m [37m<-- GET /wd/hub/session/ea52114f-8510-475a-ad19-0b4495cdb616/screenshot [39m[32m200[39m [90m586 ms - 323582[39m
[35m[HTTP][39m [90m[39m
[35m[HTTP][39m [37m-->[39m [37mGET[39m [37m/wd/hub/session/ea52114f-8510-475a-ad19-0b4495cdb616/context[39m
[35m[HTTP][39m [90m{}[39m
[35m[HTTP][39m [37m<-- GET /wd/hub/session/ea52114f-8510-475a-ad19-0b4495cdb616/context [39m[32m200[39m [90m3 ms - 22[39m
[35m[HTTP][39m [90m[39m
[35m[HTTP][39m [37m-->[39m [37mGET[39m [37m/wd/hub/session/ea52114f-8510-475a-ad19-0b4495cdb616/contexts[39m
[35m[HTTP][39m [90m{}[39m
[35m[HTTP][39m [37m<-- GET /wd/hub/session/ea52114f-8510-475a-ad19-0b4495cdb616/contexts [39m[32m200[39m [90m223 ms - 24[39m
[35m[HTTP][39m [90m[39m
[35m[HTTP][39m [37m-->[39m [37mPOST[39m [37m/wd/hub/session/ea52114f-8510-475a-ad19-0b4495cdb616/context[39m
[35m[HTTP][39m [90m{"name":"NATIVE_APP"}[39m
[35m[HTTP][39m [37m<-- POST /wd/hub/session/ea52114f-8510-475a-ad19-0b4495cdb616/context [39m[32m200[39m [90m1 ms - 14[39m
[35m[HTTP][39m [90m[39m
[35m[HTTP][39m [37m-->[39m [37mPOST[39m [37m/wd/hub/session/ea52114f-8510-475a-ad19-0b4495cdb616/orientation[39m
[35m[HTTP][39m [90m{"orientation":"PORTRAIT"}[39m
[35m[W3C (ea52114f)][39m Driver proxy active, passing request on via HTTP proxy
[35m[WD Proxy][39m Replacing sessionId 03132d05-d618-4a7e-9b87-1235999e5627 with ea52114f-8510-475a-ad19-0b4495cdb616
[35m[HTTP][39m [37m<-- POST /wd/hub/session/ea52114f-8510-475a-ad19-0b4495cdb616/orientation [39m[32m200[39m [90m64 ms - 71[39m
[35m[HTTP][39m [90m[39m
[35m[HTTP][39m [37m-->[39m [37mPOST[39m [37m/wd/hub/session/ea52114f-8510-475a-ad19-0b4495cdb616/context[39m
[35m[HTTP][39m [90m{"name":"NATIVE_APP"}[39m
[35m[HTTP][39m [37m<-- POST /wd/hub/session/ea52114f-8510-475a-ad19-0b4495cdb616/context [39m[32m200[39m [90m1 ms - 14[39m
[35m[HTTP][39m [90m[39m
[35m[HTTP][39m [37m-->[39m [37mGET[39m [37m/wd/hub/session/ea52114f-8510-475a-ad19-0b4495cdb616/source[39m
[35m[HTTP][39m [90m{}[39m
[35m[W3C (ea52114f)][39m Driver proxy active, passing request on via HTTP proxy
[35m[WD Proxy][39m Replacing sessionId 03132d05-d618-4a7e-9b87-1235999e5627 with ea52114f-8510-475a-ad19-0b4495cdb616
[35m[HTTP][39m [37m<-- GET /wd/hub/session/ea52114f-8510-475a-ad19-0b4495cdb616/source [39m[32m200[39m [90m527 ms - 4428[39m
[35m[HTTP][39m [90m[39m
[35m[HTTP][39m [37m-->[39m [37mGET[39m [37m/wd/hub/session/ea52114f-8510-475a-ad19-0b4495cdb616/screenshot[39m
[35m[HTTP][39m [90m{}[39m
[35m[HTTP][39m [37m<-- GET /wd/hub/session/ea52114f-8510-475a-ad19-0b4495cdb616/screenshot [39m[32m200[39m [90m508 ms - 94804[39m
[35m[HTTP][39m [90m[39m
[35m[HTTP][39m [37m-->[39m [37mPOST[39m [37m/wd/hub/session/ea52114f-8510-475a-ad19-0b4495cdb616/elements[39m
[35m[HTTP][39m [90m{"using":"xpath","value":"//*[@class = 'android.widget.Button' and (@text = 'OK' or . = 'OK') and @resource-id = 'com.ncba.loop.test:id/btn_login']"}[39m
[35m[HTTP][39m [37m<-- POST /wd/hub/session/ea52114f-8510-475a-ad19-0b4495cdb616/elements [39m[32m200[39m [90m115 ms - 139[39m
[35m[HTTP][39m [90m[39m
[35m[HTTP][39m [37m-->[39m [37mGET[39m [37m/wd/hub/session/ea52114f-8510-475a-ad19-0b4495cdb616/window/rect[39m
[35m[HTTP][39m [90m{}[39m
[35m[HTTP][39m [37m<-- GET /wd/hub/session/ea52114f-8510-475a-ad19-0b4495cdb616/window/rect [39m[32m200[39m [90m13 ms - 50[39m
[35m[HTTP][39m [90m[39m
[35m[HTTP][39m [37m-->[39m [37mPOST[39m [37m/wd/hub/session/ea52114f-8510-475a-ad19-0b4495cdb616/elements[39m
[35m[HTTP][39m [90m{"using":"xpath","value":"//*[@class = 'android.widget.Button' and (@text = 'OK' or . = 'OK') and @resource-id = 'com.ncba.loop.test:id/btn_login']"}[39m
[35m[HTTP][39m [37m<-- POST /wd/hub/session/ea52114f-8510-475a-ad19-0b4495cdb616/elements [39m[32m200[39m [90m42 ms - 139[39m
[35m[HTTP][39m [90m[39m
[35m[HTTP][39m [37m-->[39m [37mGET[39m [37m/wd/hub/session/ea52114f-8510-475a-ad19-0b4495cdb616/element/00000000-0000-0174-ffff-ffff0000024e/location[39m
[35m[HTTP][39m [90m{}[39m
[35m[W3C (ea52114f)][39m Driver proxy active, passing request on via HTTP proxy
[35m[WD Proxy][39m Replacing sessionId 03132d05-d618-4a7e-9b87-1235999e5627 with ea52114f-8510-475a-ad19-0b4495cdb616
[35m[HTTP][39m [37m<-- GET /wd/hub/session/ea52114f-8510-475a-ad19-0b4495cdb616/element/00000000-0000-0174-ffff-ffff0000024e/location [39m[32m200[39m [90m915 ms - 78[39m
[35m[HTTP][39m [90m[39m
[35m[HTTP][39m [37m-->[39m [37mPOST[39m [37m/wd/hub/session/ea52114f-8510-475a-ad19-0b4495cdb616/element/00000000-0000-0174-ffff-ffff0000024e/click[39m
[35m[HTTP][39m [90m{"id":"00000000-0000-0174-ffff-ffff0000024e"}[39m
[35m[HTTP][39m [37m<-- POST /wd/hub/session/ea52114f-8510-475a-ad19-0b4495cdb616/element/00000000-0000-0174-ffff-ffff0000024e/click [39m[32m200[39m [90m112 ms - 14[39m
[35m[HTTP][39m [90m[39m
[35m[HTTP][39m [37m-->[39m [37mGET[39m [37m/wd/hub/session/ea52114f-8510-475a-ad19-0b4495cdb616/source[39m
[35m[HTTP][39m [90m{}[39m
[35m[W3C (ea52114f)][39m Driver proxy active, passing request on via HTTP proxy
[35m[WD Proxy][39m Replacing sessionId 03132d05-d618-4a7e-9b87-1235999e5627 with ea52114f-8510-475a-ad19-0b4495cdb616
[35m[HTTP][39m [37m<-- GET /wd/hub/session/ea52114f-8510-475a-ad19-0b4495cdb616/source [39m[32m200[39m [90m83 ms - 16029[39m
[35m[HTTP][39m [90m[39m
[35m[HTTP][39m [37m-->[39m [37mGET[39m [37m/wd/hub/session/ea52114f-8510-475a-ad19-0b4495cdb616/screenshot[39m
[35m[HTTP][39m [90m{}[39m
[35m[HTTP][39m [37m<-- GET /wd/hub/session/ea52114f-8510-475a-ad19-0b4495cdb616/screenshot [39m[32m200[39m [90m616 ms - 352656[39m
[35m[HTTP][39m [90m[39m
[35m[HTTP][39m [37m-->[39m [37mPOST[39m [37m/wd/hub/session/ea52114f-8510-475a-ad19-0b4495cdb616/elements[39m
[35m[HTTP][39m [90m{"using":"xpath","value":"//*[@class = 'android.widget.Button' and (@text = 'Next' or . = 'Next') and @resource-id = 'com.ncba.loop.test:id/btn_phone_next']"}[39m
[35m[HTTP][39m [37m<-- POST /wd/hub/session/ea52114f-8510-475a-ad19-0b4495cdb616/elements [39m[32m200[39m [90m498 ms - 139[39m
[35m[HTTP][39m [90m[39m
[35m[HTTP][39m [37m-->[39m [37mGET[39m [37m/wd/hub/session/ea52114f-8510-475a-ad19-0b4495cdb616/window/rect[39m
[35m[HTTP][39m [90m{}[39m
[35m[HTTP][39m [37m<-- GET /wd/hub/session/ea52114f-8510-475a-ad19-0b4495cdb616/window/rect [39m[32m200[39m [90m17 ms - 50[39m
[35m[HTTP][39m [90m[39m
[35m[HTTP][39m [37m-->[39m [37mPOST[39m [37m/wd/hub/session/ea52114f-8510-475a-ad19-0b4495cdb616/elements[39m
[35m[HTTP][39m [90m{"using":"xpath","value":"//*[@class = 'android.widget.Button' and (@text = 'Next' or . = 'Next') and @resource-id = 'com.ncba.loop.test:id/btn_phone_next']"}[39m
[35m[HTTP][39m [37m<-- POST /wd/hub/session/ea52114f-8510-475a-ad19-0b4495cdb616/elements [39m[32m200[39m [90m93 ms - 139[39m
[35m[HTTP][39m [90m[39m
[35m[HTTP][39m [37m-->[39m [37mGET[39m [37m/wd/hub/session/ea52114f-8510-475a-ad19-0b4495cdb616/element/00000000-0000-0175-ffff-ffff00000278/location[39m
[35m[HTTP][39m [90m{}[39m
[35m[W3C (ea52114f)][39m Driver proxy active, passing request on via HTTP proxy
[35m[WD Proxy][39m Replacing sessionId 03132d05-d618-4a7e-9b87-1235999e5627 with ea52114f-8510-475a-ad19-0b4495cdb616
[35m[HTTP][39m [37m<-- GET /wd/hub/session/ea52114f-8510-475a-ad19-0b4495cdb616/element/00000000-0000-0175-ffff-ffff00000278/location [39m[32m200[39m [90m22 ms - 78[39m
[35m[HTTP][39m [90m[39m
[35m[HTTP][39m [37m-->[39m [37mPOST[39m [37m/wd/hub/session/ea52114f-8510-475a-ad19-0b4495cdb616/element/00000000-0000-0175-ffff-ffff00000278/clear[39m
[35m[HTTP][39m [90m{"id":"00000000-0000-0175-ffff-ffff00000278"}[39m
[35m[HTTP][39m [37m<-- POST /wd/hub/session/ea52114f-8510-475a-ad19-0b4495cdb616/element/00000000-0000-0175-ffff-ffff00000278/clear [39m[32m200[39m [90m18 ms - 14[39m
[35m[HTTP][39m [90m[39m
[35m[HTTP][39m [37m-->[39m [37mPOST[39m [37m/wd/hub/session/ea52114f-8510-475a-ad19-0b4495cdb616/element/00000000-0000-0175-ffff-ffff00000278/value[39m
[35m[HTTP][39m [90m{"id":"00000000-0000-0175-ffff-ffff00000278","text":"Philip@2020@","value":["P","h","i","l","i","p","@","2","0","2","0","@"]}[39m
[35m[WD Proxy][39m Got response with status 400: {"sessionId":"03132d05-d618-4a7e-9b87-1235999e5627","value":{"error":"invalid element state","message":"Cannot set the element to 'Philip@2020@'. Did you interact with the correct element?","stacktrace":"io.appium.uiautomator2.common.exceptions.InvalidElementStateException: Cannot set the element to 'Philip@2020@'. Did you interact with the correct element?\n\tat io.appium.uiautomator2.handler.SendKeysToElement.setText(SendKeysToElement.java:87)\n\tat io.appium.uiautomator2.handler.SendKeysToElement.safeHandle(SendKeysToElement.java:115)\n\tat io.appium.uiautomator2.handler.request.SafeRequestHandler.handle(SafeRequestHandler.java:59)\n\tat io.appium.uiautomator2.server.AppiumServlet.handleRequest(AppiumServlet.java:266)\n\tat io.appium.uiautomator2.server.AppiumServlet.handleHttpRequest(AppiumServlet.java:260)\n\tat io.appium.uiautomator2.http.ServerHandler.channelRead(ServerHandler.java:68)\n\tat io.netty.channel.AbstractChannelHandlerContext.invokeChannelRead(AbstractChannelHandlerContext.java:366)\n\ta...
[35m[HTTP][39m [37m<-- POST /wd/hub/session/ea52114f-8510-475a-ad19-0b4495cdb616/element/00000000-0000-0175-ffff-ffff00000278/value [39m[33m400[39m [90m68 ms - 3903[39m
[35m[HTTP][39m [90m[39m
[35m[HTTP][39m [37m-->[39m [37mPOST[39m [37m/wd/hub/session/ea52114f-8510-475a-ad19-0b4495cdb616/elements[39m
[35m[HTTP][39m [90m{"using":"xpath","value":"//*[@class = 'android.widget.Button' and (@text = 'Next' or . = 'Next') and @resource-id = 'com.ncba.loop.test:id/btn_phone_next']"}[39m
[35m[HTTP][39m [37m<-- POST /wd/hub/session/ea52114f-8510-475a-ad19-0b4495cdb616/elements [39m[32m200[39m [90m64 ms - 139[39m
[35m[HTTP][39m [90m[39m
[35m[HTTP][39m [37m-->[39m [37mGET[39m [37m/wd/hub/session/ea52114f-8510-475a-ad19-0b4495cdb616/window/rect[39m
[35m[HTTP][39m [90m{}[39m
[35m[HTTP][39m [37m<-- GET /wd/hub/session/ea52114f-8510-475a-ad19-0b4495cdb616/window/rect [39m[32m200[39m [90m8 ms - 50[39m
[35m[HTTP][39m [90m[39m
[35m[HTTP][39m [37m-->[39m [37mPOST[39m [37m/wd/hub/session/ea52114f-8510-475a-ad19-0b4495cdb616/elements[39m
[35m[HTTP][39m [90m{"using":"xpath","value":"//*[@class = 'android.widget.Button' and (@text = 'Next' or . = 'Next') and @resource-id = 'com.ncba.loop.test:id/btn_phone_next']"}[39m
[35m[HTTP][39m [37m<-- POST /wd/hub/session/ea52114f-8510-475a-ad19-0b4495cdb616/elements [39m[32m200[39m [90m617 ms - 139[39m
[35m[HTTP][39m [90m[39m
[35m[HTTP][39m [37m-->[39m [37mGET[39m [37m/wd/hub/session/ea52114f-8510-475a-ad19-0b4495cdb616/element/00000000-0000-0175-ffff-ffff00000278/location[39m
[35m[HTTP][39m [90m{}[39m
[35m[W3C (ea52114f)][39m Driver proxy active, passing request on via HTTP proxy
[35m[WD Proxy][39m Replacing sessionId 03132d05-d618-4a7e-9b87-1235999e5627 with ea52114f-8510-475a-ad19-0b4495cdb616
[35m[HTTP][39m [37m<-- GET /wd/hub/session/ea52114f-8510-475a-ad19-0b4495cdb616/element/00000000-0000-0175-ffff-ffff00000278/location [39m[32m200[39m [90m24 ms - 78[39m
[35m[HTTP][39m [90m[39m
[35m[HTTP][39m [37m-->[39m [37mPOST[39m [37m/wd/hub/session/ea52114f-8510-475a-ad19-0b4495cdb616/element/00000000-0000-0175-ffff-ffff00000278/click[39m
[35m[HTTP][39m [90m{"id":"00000000-0000-0175-ffff-ffff00000278"}[39m
[35m[HTTP][39m [37m<-- POST /wd/hub/session/ea52114f-8510-475a-ad19-0b4495cdb616/element/00000000-0000-0175-ffff-ffff00000278/click [39m[32m200[39m [90m85 ms - 14[39m
[35m[HTTP][39m [90m[39m
[35m[HTTP][39m [37m-->[39m [37mGET[39m [37m/wd/hub/session/ea52114f-8510-475a-ad19-0b4495cdb616/source[39m
[35m[HTTP][39m [90m{}[39m
[35m[W3C (ea52114f)][39m Driver proxy active, passing request on via HTTP proxy
[35m[WD Proxy][39m Replacing sessionId 03132d05-d618-4a7e-9b87-1235999e5627 with ea52114f-8510-475a-ad19-0b4495cdb616
[35m[HTTP][39m [37m<-- GET /wd/hub/session/ea52114f-8510-475a-ad19-0b4495cdb616/source [39m[32m200[39m [90m676 ms - 9965[39m
[35m[HTTP][39m [90m[39m
[35m[HTTP][39m [37m-->[39m [37mGET[39m [37m/wd/hub/session/ea52114f-8510-475a-ad19-0b4495cdb616/screenshot[39m
[35m[HTTP][39m [90m{}[39m
[35m[HTTP][39m [37m<-- GET /wd/hub/session/ea52114f-8510-475a-ad19-0b4495cdb616/screenshot [39m[32m200[39m [90m668 ms - 344166[39m
[35m[HTTP][39m [90m[39m
[35m[HTTP][39m [37m-->[39m [37mPOST[39m [37m/wd/hub/session/ea52114f-8510-475a-ad19-0b4495cdb616/elements[39m
[35m[HTTP][39m [90m{"using":"xpath","value":"//*[@class = 'android.widget.EditText' and (@text = 'Enter your Password' or . = 'Enter your Password') and @resource-id = 'com.ncba.loop.test:id/et_input_box_content']"}[39m
[35m[HTTP][39m [37m<-- POST /wd/hub/session/ea52114f-8510-475a-ad19-0b4495cdb616/elements [39m[32m200[39m [90m268 ms - 139[39m
[35m[HTTP][39m [90m[39m
[35m[HTTP][39m [37m-->[39m [37mGET[39m [37m/wd/hub/session/ea52114f-8510-475a-ad19-0b4495cdb616/window/rect[39m
[35m[HTTP][39m [90m{}[39m
[35m[HTTP][39m [37m<-- GET /wd/hub/session/ea52114f-8510-475a-ad19-0b4495cdb616/window/rect [39m[32m200[39m [90m74 ms - 50[39m
[35m[HTTP][39m [90m[39m
[35m[HTTP][39m [37m-->[39m [37mPOST[39m [37m/wd/hub/session/ea52114f-8510-475a-ad19-0b4495cdb616/elements[39m
[35m[HTTP][39m [90m{"using":"xpath","value":"//*[@class = 'android.widget.EditText' and (@text = 'Enter your Password' or . = 'Enter your Password') and @resource-id = 'com.ncba.loop.test:id/et_input_box_content']"}[39m
[35m[HTTP][39m [37m<-- POST /wd/hub/session/ea52114f-8510-475a-ad19-0b4495cdb616/elements [39m[32m200[39m [90m853 ms - 139[39m
[35m[HTTP][39m [90m[39m
[35m[HTTP][39m [37m-->[39m [37mGET[39m [37m/wd/hub/session/ea52114f-8510-475a-ad19-0b4495cdb616/element/00000000-0000-0177-ffff-ffff000002a5/location[39m
[35m[HTTP][39m [90m{}[39m
[35m[W3C (ea52114f)][39m Driver proxy active, passing request on via HTTP proxy
[35m[WD Proxy][39m Replacing sessionId 03132d05-d618-4a7e-9b87-1235999e5627 with ea52114f-8510-475a-ad19-0b4495cdb616
[35m[HTTP][39m [37m<-- GET /wd/hub/session/ea52114f-8510-475a-ad19-0b4495cdb616/element/00000000-0000-0177-ffff-ffff000002a5/location [39m[32m200[39m [90m25 ms - 77[39m
[35m[HTTP][39m [90m[39m
[35m[HTTP][39m [37m-->[39m [37mPOST[39m [37m/wd/hub/session/ea52114f-8510-475a-ad19-0b4495cdb616/element/00000000-0000-0177-ffff-ffff000002a5/clear[39m
[35m[HTTP][39m [90m{"id":"00000000-0000-0177-ffff-ffff000002a5"}[39m
[35m[HTTP][39m [37m<-- POST /wd/hub/session/ea52114f-8510-475a-ad19-0b4495cdb616/element/00000000-0000-0177-ffff-ffff000002a5/clear [39m[32m200[39m [90m64 ms - 14[39m
[35m[HTTP][39m [90m[39m
[35m[HTTP][39m [37m-->[39m [37mPOST[39m [37m/wd/hub/session/ea52114f-8510-475a-ad19-0b4495cdb616/element/00000000-0000-0177-ffff-ffff000002a5/value[39m
[35m[HTTP][39m [90m{"id":"00000000-0000-0177-ffff-ffff000002a5","text":"Philip@2020@","value":["P","h","i","l","i","p","@","2","0","2","0","@"]}[39m
[35m[HTTP][39m [37m<-- POST /wd/hub/session/ea52114f-8510-475a-ad19-0b4495cdb616/element/00000000-0000-0177-ffff-ffff000002a5/value [39m[32m200[39m [90m1405 ms - 14[39m
[35m[HTTP][39m [90m[39m
[35m[HTTP][39m [37m-->[39m [37mGET[39m [37m/wd/hub/session/ea52114f-8510-475a-ad19-0b4495cdb616/source[39m
[35m[HTTP][39m [90m{}[39m
[35m[W3C (ea52114f)][39m Driver proxy active, passing request on via HTTP proxy
[35m[WD Proxy][39m Replacing sessionId 03132d05-d618-4a7e-9b87-1235999e5627 with ea52114f-8510-475a-ad19-0b4495cdb616
[35m[HTTP][39m [37m<-- GET /wd/hub/session/ea52114f-8510-475a-ad19-0b4495cdb616/source [39m[32m200[39m [90m62 ms - 10427[39m
[35m[HTTP][39m [90m[39m
[35m[HTTP][39m [37m-->[39m [37mGET[39m [37m/wd/hub/session/ea52114f-8510-475a-ad19-0b4495cdb616/screenshot[39m
[35m[HTTP][39m [90m{}[39m
[35m[HTTP][39m [37m<-- GET /wd/hub/session/ea52114f-8510-475a-ad19-0b4495cdb616/screenshot [39m[32m200[39m [90m611 ms - 339010[39m
[35m[HTTP][39m [90m[39m
[35m[HTTP][39m [37m-->[39m [37mPOST[39m [37m/wd/hub/session/ea52114f-8510-475a-ad19-0b4495cdb616/elements[39m
[35m[HTTP][39m [90m{"using":"xpath","value":"//*[@class = 'android.widget.Button' and (@text = 'Sign in' or . = 'Sign in') and @resource-id = 'com.ncba.loop.test:id/btn_login']"}[39m
[35m[HTTP][39m [37m<-- POST /wd/hub/session/ea52114f-8510-475a-ad19-0b4495cdb616/elements [39m[32m200[39m [90m71 ms - 139[39m
[35m[HTTP][39m [90m[39m
[35m[HTTP][39m [37m-->[39m [37mGET[39m [37m/wd/hub/session/ea52114f-8510-475a-ad19-0b4495cdb616/window/rect[39m
[35m[HTTP][39m [90m{}[39m
[35m[HTTP][39m [37m<-- GET /wd/hub/session/ea52114f-8510-475a-ad19-0b4495cdb616/window/rect [39m[32m200[39m [90m13 ms - 50[39m
[35m[HTTP][39m [90m[39m
[35m[HTTP][39m [37m-->[39m [37mPOST[39m [37m/wd/hub/session/ea52114f-8510-475a-ad19-0b4495cdb616/elements[39m
[35m[HTTP][39m [90m{"using":"xpath","value":"//*[@class = 'android.widget.Button' and (@text = 'Sign in' or . = 'Sign in') and @resource-id = 'com.ncba.loop.test:id/btn_login']"}[39m
[35m[HTTP][39m [37m<-- POST /wd/hub/session/ea52114f-8510-475a-ad19-0b4495cdb616/elements [39m[32m200[39m [90m53 ms - 139[39m
[35m[HTTP][39m [90m[39m
[35m[HTTP][39m [37m-->[39m [37mGET[39m [37m/wd/hub/session/ea52114f-8510-475a-ad19-0b4495cdb616/element/00000000-0000-0177-ffff-ffff000002aa/location[39m
[35m[HTTP][39m [90m{}[39m
[35m[W3C (ea52114f)][39m Driver proxy active, passing request on via HTTP proxy
[35m[WD Proxy][39m Replacing sessionId 03132d05-d618-4a7e-9b87-1235999e5627 with ea52114f-8510-475a-ad19-0b4495cdb616
[35m[HTTP][39m [37m<-- GET /wd/hub/session/ea52114f-8510-475a-ad19-0b4495cdb616/element/00000000-0000-0177-ffff-ffff000002aa/location [39m[32m200[39m [90m21 ms - 78[39m
[35m[HTTP][39m [90m[39m
[35m[HTTP][39m [37m-->[39m [37mPOST[39m [37m/wd/hub/session/ea52114f-8510-475a-ad19-0b4495cdb616/element/00000000-0000-0177-ffff-ffff000002aa/click[39m
[35m[HTTP][39m [90m{"id":"00000000-0000-0177-ffff-ffff000002aa"}[39m
[35m[HTTP][39m [37m<-- POST /wd/hub/session/ea52114f-8510-475a-ad19-0b4495cdb616/element/00000000-0000-0177-ffff-ffff000002aa/click [39m[32m200[39m [90m127 ms - 14[39m
[35m[HTTP][39m [90m[39m
[35m[HTTP][39m [37m-->[39m [37mGET[39m [37m/wd/hub/session/ea52114f-8510-475a-ad19-0b4495cdb616/source[39m
[35m[HTTP][39m [90m{}[39m
[35m[W3C (ea52114f)][39m Driver proxy active, passing request on via HTTP proxy
[35m[WD Proxy][39m Replacing sessionId 03132d05-d618-4a7e-9b87-1235999e5627 with ea52114f-8510-475a-ad19-0b4495cdb616
[35m[HTTP][39m [37m<-- GET /wd/hub/session/ea52114f-8510-475a-ad19-0b4495cdb616/source [39m[32m200[39m [90m30 ms - 2749[39m
[35m[HTTP][39m [90m[39m
[35m[HTTP][39m [37m-->[39m [37mGET[39m [37m/wd/hub/session/ea52114f-8510-475a-ad19-0b4495cdb616/screenshot[39m
[35m[HTTP][39m [90m{}[39m
[35m[HTTP][39m [37m<-- GET /wd/hub/session/ea52114f-8510-475a-ad19-0b4495cdb616/screenshot [39m[32m200[39m [90m683 ms - 302406[39m
[35m[HTTP][39m [90m[39m
[35m[HTTP][39m [37m-->[39m [37mGET[39m [37m/wd/hub/session/ea52114f-8510-475a-ad19-0b4495cdb616/context[39m
[35m[HTTP][39m [90m{}[39m
[35m[HTTP][39m [37m<-- GET /wd/hub/session/ea52114f-8510-475a-ad19-0b4495cdb616/context [39m[32m200[39m [90m1 ms - 22[39m
[35m[HTTP][39m [90m[39m
[35m[HTTP][39m [37m-->[39m [37mGET[39m [37m/wd/hub/session/ea52114f-8510-475a-ad19-0b4495cdb616/contexts[39m
[35m[HTTP][39m [90m{}[39m
[35m[HTTP][39m [37m<-- GET /wd/hub/session/ea52114f-8510-475a-ad19-0b4495cdb616/contexts [39m[32m200[39m [90m74 ms - 24[39m
[35m[HTTP][39m [90m[39m
[35m[HTTP][39m [37m-->[39m [37mPOST[39m [37m/wd/hub/session/ea52114f-8510-475a-ad19-0b4495cdb616/context[39m
[35m[HTTP][39m [90m{"name":"NATIVE_APP"}[39m
[35m[HTTP][39m [37m<-- POST /wd/hub/session/ea52114f-8510-475a-ad19-0b4495cdb616/context [39m[32m200[39m [90m1 ms - 14[39m
[35m[HTTP][39m [90m[39m
[35m[HTTP][39m [37m-->[39m [37mPOST[39m [37m/wd/hub/session/ea52114f-8510-475a-ad19-0b4495cdb616/orientation[39m
[35m[HTTP][39m [90m{"orientation":"PORTRAIT"}[39m
[35m[W3C (ea52114f)][39m Driver proxy active, passing request on via HTTP proxy
[35m[WD Proxy][39m Replacing sessionId 03132d05-d618-4a7e-9b87-1235999e5627 with ea52114f-8510-475a-ad19-0b4495cdb616
[35m[HTTP][39m [37m<-- POST /wd/hub/session/ea52114f-8510-475a-ad19-0b4495cdb616/orientation [39m[32m200[39m [90m10 ms - 71[39m
[35m[HTTP][39m [90m[39m
[35m[HTTP][39m [37m-->[39m [37mPOST[39m [37m/wd/hub/session/ea52114f-8510-475a-ad19-0b4495cdb616/context[39m
[35m[HTTP][39m [90m{"name":"NATIVE_APP"}[39m
[35m[HTTP][39m [37m<-- POST /wd/hub/session/ea52114f-8510-475a-ad19-0b4495cdb616/context [39m[32m200[39m [90m1 ms - 14[39m
[35m[HTTP][39m [90m[39m
[35m[HTTP][39m [37m-->[39m [37mGET[39m [37m/wd/hub/session/ea52114f-8510-475a-ad19-0b4495cdb616/source[39m
[35m[HTTP][39m [90m{}[39m
[35m[W3C (ea52114f)][39m Driver proxy active, passing request on via HTTP proxy
[35m[WD Proxy][39m Replacing sessionId 03132d05-d618-4a7e-9b87-1235999e5627 with ea52114f-8510-475a-ad19-0b4495cdb616
[35m[HTTP][39m [37m<-- GET /wd/hub/session/ea52114f-8510-475a-ad19-0b4495cdb616/source [39m[32m200[39m [90m480 ms - 48436[39m
[35m[HTTP][39m [90m[39m
[35m[HTTP][39m [37m-->[39m [37mGET[39m [37m/wd/hub/session/ea52114f-8510-475a-ad19-0b4495cdb616/screenshot[39m
[35m[HTTP][39m [90m{}[39m
[35m[HTTP][39m [37m<-- GET /wd/hub/session/ea52114f-8510-475a-ad19-0b4495cdb616/screenshot [39m[32m200[39m [90m646 ms - 419406[39m
[35m[HTTP][39m [90m[39m
[35m[HTTP][39m [37m-->[39m [37mDELETE[39m [37m/wd/hub/session/ea52114f-8510-475a-ad19-0b4495cdb616[39m
[35m[HTTP][39m [90m{}[39m
[35m[Appium][39m Removing session ea52114f-8510-475a-ad19-0b4495cdb616 from our master session list
[35m[UiAutomator2][39m Restoring hidden api policy to the device default configuration
[35m[HTTP][39m [37m<-- DELETE /wd/hub/session/ea52114f-8510-475a-ad19-0b4495cdb616 [39m[32m200[39m [90m347 ms - 14[39m
[35m[HTTP][39m [90m[39m
